
                                                                         Pagina  1
*************************************************************************
* BLACK MOROCOIMA INGENIERIA Y PLANIFICACION       Programa ADE1        *
* ANALISIS ESTATICO DE ESTRUCTURAS ESPACIALES. Version 3.1 Junio 2009   *
* Programaci¢n: E.F.B.S.                                                *
*************************************************************************
++++++++ Space Frame Example 2 Chapter 5: Frame Weaver & Gere book ++++++++   Date: 08-05-2009  Time: 10:45:17

N=  4         JO=  3          M=  3       NCAS=  1       NMAT=  1       NHIP=  0      NHIPR=  0

Propiedades de los tipos de materiales.
Tipo        E             G             Ct            Peso
1       10000         40000              2               3

Datos de las Juntas.
Junta  Rdx  Rdy  Rdz  Rrx  Rry  Rrz         X         Y         Z         Kdx        Kdy        Kdz        Krx        Kry        Krz
    1    0    0    0    0    0    0   128.000    96.000    72.000           0          0          0          0          0          0
    2    1    1    1    1    1    1   128.000   192.000     0.000           0          0          0          0          0          0
    3    1    1    1    1    1    1     0.000     0.000     0.000           0          0          0          0          0          0
    4    1    1    1    1    1    1   256.000     0.000     0.000           0          0          0          0          0          0

Datos de los miembros.
Mbro  Ji  Jj   Long.      Area          K        Iyy        Izz   Cixy   Cjxy   Cxy   Cixz   Cjxz   Cxz   Cn=Ct T de M     b      h
   1   1   2 120.00  9.000E+00  6.400E+01  2.800E+01  8.000E+01   4.00   4.00   2.00  4.00   4.00   2.00   1.00    1
   2   1   3 175.45  9.000E+00  6.400E+01  2.800E+01  8.000E+01   4.00   4.00   2.00  4.00   4.00   2.00   1.00    1
   3   1   4 175.45  9.000E+00  6.400E+01  2.800E+01  8.000E+01   4.00   4.00   2.00  4.00   4.00   2.00   1.00    1

Volumen = 4238.167                        Peso =12714.500                        Mean BandWidth: 12.500


                                                                         Pagina  2
*************************************************************************
* BLACK MOROCOIMA INGENIERIA Y PLANIFICACION       Programa ADE1        *
* ANALISIS ESTATICO DE ESTRUCTURAS ESPACIALES. Version 3.1 Junio 2009   *
* Programaci¢n: E.F.B.S.                                                *
*************************************************************************
++++++++ Space Frame Example 2 Chapter 5: Frame Weaver & Gere book ++++++++   Date: 08-05-2009  Time: 10:45:17
First Load Case

NJC =    1  NMA =    0  NMC =    2  ATO =  0.000

CARGAS APLICADAS EN LAS JUNTAS
Junta         Fx         Fy         Fz         Mx         My         Mz
    1      0.000      0.000     -5.000   -120.000      0.000      0.000

CARGAS Y VARIACIONES DE TEMPERATURA EN LOS MIEMBROS (referidas al systema local oxyx).

Miembro     1        ATO1 =    0.000 DTY=    0.000 DTZ=    0.000
Npc = 1  Px =    3.000 Py =   -4.000 Pz =    0.000 A  =   60.000

Miembro     3        ATO1 =    0.000 DTY=    0.000 DTZ=    0.000
Npc = 1  Px =    2.736 Py =   -4.185 Pz =    0.000 A  =   87.727

FUERZAS PRIMARIAS EN LOS EXTREMOS DE LOS MIEMBROS
Miembro  Junta             N           Vy           Vz            T           My           Mz
      1      1         1.500        2.000        0.000       -0.000        0.000      -60.000
             2        -1.500       -2.000       -0.000        0.000       -0.000      -60.000
      3      1         1.368        2.093        0.000       -0.000        0.000      -91.788
             4        -1.368       -2.093       -0.000        0.000       -0.000      -91.788

Time running 0.00  sec. 
