
                                                                         Pagina  1
*************************************************************************
* BLACK MOROCOIMA INGENIERIA Y PLANIFICACION       Programa ADE1        *
* ANALISIS ESTATICO DE ESTRUCTURAS ESPACIALES. Version 3.1 Junio 2009   *
* Programaci¢n: E.F.B.S.                                                *
*************************************************************************
++++++++ Space Truss Example 1 Chapter 5: Frame Weaver & Gere book ++++++++   Date: 08-05-2009  Time: 10:45:17

N=  5         JO=  3          M=  7       NCAS=  1       NMAT=  1       NHIP=  0      NHIPR=  0

Propiedades de los tipos de materiales.
Tipo        E             G             Ct            Peso
1       30000             1              2               3

Datos de las Juntas.
Junta  Rdx  Rdy  Rdz  Rrx  Rry  Rrz         X         Y         Z         Kdx        Kdy        Kdz        Krx        Kry        Krz
    1    1    1    1    0    0    0   120.000     0.000     0.000           0          0          0          0          0          0
    2    0    0    0    0    0    0     0.000   240.000   240.000           0          0          0          0          0          0
    3    0    0    0    0    0    0   240.000   240.000   240.000           0          0          0          0          0          0
    4    1    1    1    0    0    0   240.000   240.000     0.000           0          0          0          0          0          0
    5    1    1    1    0    0    0     0.000   240.000     0.000           0          0          0          0          0          0

Datos de los miembros.
Mbro  Ji  Jj   Long.      Area          K        Iyy        Izz   Cixy   Cjxy   Cxy   Cixz   Cjxz   Cxz   Cn=Ct T de M     b      h
   1  -1  -2 360.00  1.000E+01  0.000E+00  8.333E+01  8.333E-01   0.00   0.00   0.00  0.00   0.00   0.00   1.00    1   10.00   1.00
   2  -1  -3 360.00  1.000E+01  0.000E+00  8.333E+01  8.333E-01   0.00   0.00   0.00  0.00   0.00   0.00   1.00    1   10.00   1.00
   3  -2  -3 240.00  1.000E+01  0.000E+00  8.333E+01  8.333E-01   0.00   0.00   0.00  0.00   0.00   0.00   1.00    1   10.00   1.00
   4  -2  -5 240.00  1.000E+01  0.000E+00  8.333E+01  8.333E-01   0.00   0.00   0.00  0.00   0.00   0.00   1.00    1   10.00   1.00
   5  -3  -4 240.00  1.000E+01  0.000E+00  8.333E+01  8.333E-01   0.00   0.00   0.00  0.00   0.00   0.00   1.00    1   10.00   1.00
   6  -2  -4 339.41  1.000E+01  0.000E+00  8.333E+01  8.333E-01   0.00   0.00   0.00  0.00   0.00   0.00   1.00    1   10.00   1.00
   7  -3  -5 339.41  1.000E+01  0.000E+00  8.333E+01  8.333E-01   0.00   0.00   0.00  0.00   0.00   0.00   1.00    1   10.00   1.00

Volumen = 21188.225                        Peso =63564.675                        Mean BandWidth: 13.100


                                                                         Pagina  2
*************************************************************************
* BLACK MOROCOIMA INGENIERIA Y PLANIFICACION       Programa ADE1        *
* ANALISIS ESTATICO DE ESTRUCTURAS ESPACIALES. Version 3.1 Junio 2009   *
* Programaci¢n: E.F.B.S.                                                *
*************************************************************************
++++++++ Space Truss Example 1 Chapter 5: Frame Weaver & Gere book ++++++++   Date: 08-05-2009  Time: 10:45:17
First Load Case

NJC =    2  NMA =    0  NMC =    2  ATO =  0.000

CARGAS APLICADAS EN LAS JUNTAS
Junta         Fx         Fy         Fz         Mx         My         Mz
    2      0.000    -20.000      0.000      0.000      0.000      0.000
    3      0.000      0.000    -20.000      0.000      0.000      0.000

CARGAS Y VARIACIONES DE TEMPERATURA EN LOS MIEMBROS (referidas al systema local oxyx).

Miembro     4        ATO1 =    0.000 DTY=    0.000 DTZ=    0.000
Npc = 1  Px =   20.000 Py =    0.000 Pz =   20.000 A  =  120.000

Miembro     5        ATO1 =    0.000 DTY=    0.000 DTZ=    0.000
Npu = 1  Wx =    0.000 Wy =   -0.083 Wz =    0.000 A  =    0.000 B  =  240.000

FUERZAS PRIMARIAS EN LOS EXTREMOS DE LOS MIEMBROS
Miembro  Junta             N           Vy           Vz            T           My           Mz
      4      2        10.000        0.000      -10.000       -0.000        0.000       -0.000
             5       -10.000       -0.000       10.000        0.000       -0.000        0.000
      5      3        -0.000       10.000        0.000       -0.000        0.000       -0.000
             4         0.000      -10.000       -0.000        0.000       -0.000        0.000

DESPLAZAMIENTO DE LAS JUNTAS.
Junta              Dx              Dy              Dz              Rx              Ry              Rz
    1    0.000000E+00    0.000000E+00    0.000000E+00    0.000000E+00    0.000000E+00    0.000000E+00
    2    1.477237E-02   -5.638278E-02    9.768969E-03    0.000000E+00    0.000000E+00    0.000000E+00
    3    1.654134E-02   -2.503964E-02   -1.023103E-02    0.000000E+00    0.000000E+00    0.000000E+00
    4    0.000000E+00    0.000000E+00    0.000000E+00    0.000000E+00    0.000000E+00    0.000000E+00
    5    0.000000E+00    0.000000E+00    0.000000E+00    0.000000E+00    0.000000E+00    0.000000E+00

FUERZAS EN LAS SECCIONES DE LOS MIEMBROS
Miembro Junta       x          N         Vy         Vz          T         My         Mz
      1     1   0.000    -30.000      0.000      0.000     -0.000      0.000     -0.000
            2 360.000    -30.000     -0.000     -0.000      0.000     -0.000      0.000
      2     1   0.000    -15.000      0.000      0.000     -0.000      0.000     -0.000
            3 360.000    -15.000     -0.000     -0.000      0.000     -0.000      0.000
      3     2   0.000      2.211      0.000      0.000     -0.000      0.000     -0.000
            3 240.000      2.211     -0.000     -0.000      0.000     -0.000      0.000
      4     2   0.000     22.211      0.000    -10.000     -0.000      0.000     -0.000
            5 240.000      2.211     -0.000     10.000      0.000     -0.000      0.000
      5     3   0.000    -12.789     10.000      0.000     -0.000      0.000     -0.000
            4 240.000    -12.789    -10.000     -0.000      0.000     -0.000      0.000
      6     2   0.000     -3.127      0.000      0.000     -0.000      0.000     -0.000
            4 339.411     -3.127     -0.000     -0.000      0.000     -0.000      0.000
      7     3   0.000      3.944      0.000      0.000     -0.000      0.000     -0.000
            5 339.411      3.944     -0.000     -0.000      0.000     -0.000      0.000


                                                                         Pagina  3
*************************************************************************
* BLACK MOROCOIMA INGENIERIA Y PLANIFICACION       Programa ADE1        *
* ANALISIS ESTATICO DE ESTRUCTURAS ESPACIALES. Version 3.1 Junio 2009   *
* Programaci¢n: E.F.B.S.                                                *
*************************************************************************
++++++++ Space Truss Example 1 Chapter 5: Frame Weaver & Gere book ++++++++   Date: 08-05-2009  Time: 10:45:17
First Load Case

CARGAS Y/O REACCIONES EN LAS JUNTAS
Junta          FX          FY          FZ          MX          MY          MZ
    1     -5.0000     30.0000     30.0000      0.0000      0.0000      0.0000
    2      0.0000    -20.0000     -0.0000      0.0000      0.0000      0.0000
    3     -0.0000     -0.0000    -20.0000      0.0000      0.0000      0.0000
    4     -2.2112     10.0000     15.0000      0.0000      0.0000      0.0000
    5    -12.7888      0.0000     -5.0000      0.0000      0.0000      0.0000
Time running 0.00  sec. 
