
                                                                         Pagina  1
*************************************************************************
* BLACK MOROCOIMA INGENIERIA Y PLANIFICACION       Programa ADE1        *
* ANALISIS ESTATICO DE ESTRUCTURAS ESPACIALES. Version 3.1 Junio 2009   *
* Programaci¢n: E.F.B.S.                                                *
*************************************************************************
++++++++ 2D Frame Isostatic Problem: Example 5.12 in Leet & Uang book ++++++++   Date: 08-05-2009  Time: 10:45:17

N=  5         JO=  2          M=  4       NCAS=  1       NMAT=  1       NHIP=  0      NHIPR=  0

Propiedades de los tipos de materiales.
Tipo        E             G             Ct            Peso
1    4.32e+06     1.662e+06        6.5e-06            0.49

Datos de las Juntas.
Junta  Rdx  Rdy  Rdz  Rrx  Rry  Rrz         X         Y         Z         Kdx        Kdy        Kdz        Krx        Kry        Krz
    1    0    1    1    1    1    0    24.000     0.000     0.000           0          0          0          0          0          0
    2    1    1    1    1    1    1     0.000    12.000     0.000           0          0          0          0          0          0
    3    0    0    1    1    1    0    12.000    12.000     0.000           0          0          0          0          0          0
    4    0    0    1    1    1    0    24.000    12.000     0.000           0          0          0          0          0          0
    5    0    0    1    1    1    0    32.000    12.000     0.000           0          0          0          0          0          0

Datos de los miembros.
Mbro  Ji  Jj   Long.      Area          K        Iyy        Izz   Cixy   Cjxy   Cxy   Cixz   Cjxz   Cxz   Cn=Ct T de M     b      h
   1   2  -3  12.00  1.000E+00  1.408E-01  8.333E-02  8.333E-02   3.00   0.00   0.00  3.00   0.00   0.00   1.00    1    1.00   1.00
   2  -3   4  12.00  1.000E+00  1.408E-01  8.333E-02  8.333E-02   0.00   3.00   0.00  0.00   3.00   0.00   1.00    1    1.00   1.00
   3   4   5   8.00  1.000E+00  1.408E-01  8.333E-02  8.333E-02   4.00   4.00   2.00  4.00   4.00   2.00   1.00    1    1.00   1.00
   4   1   4  12.00  1.000E+00  1.408E-01  8.333E-02  8.333E-02   4.00   4.00   2.00  4.00   4.00   2.00   1.00    1    1.00   1.00

Volumen = 44.000                        Peso =21.560                        Mean BandWidth: 9.500


                                                                         Pagina  2
*************************************************************************
* BLACK MOROCOIMA INGENIERIA Y PLANIFICACION       Programa ADE1        *
* ANALISIS ESTATICO DE ESTRUCTURAS ESPACIALES. Version 3.1 Junio 2009   *
* Programaci¢n: E.F.B.S.                                                *
*************************************************************************
++++++++ 2D Frame Isostatic Problem: Example 5.12 in Leet & Uang book ++++++++   Date: 08-05-2009  Time: 10:45:17
First Load Case

NJC =    1  NMA =    0  NMC =    1  ATO =  0.000

CARGAS APLICADAS EN LAS JUNTAS
Junta         Fx         Fy         Fz         Mx         My         Mz
    5      0.000    -38.700      0.000      0.000      0.000      0.000

CARGAS Y VARIACIONES DE TEMPERATURA EN LOS MIEMBROS (referidas al systema local oxyx).

Miembro     4        ATO1 =    0.000 DTY=    0.000 DTZ=    0.000
Npu = 1  Wx =    0.000 Wy =   -5.000 Wz =    0.000 A  =    0.000 B  =    6.000

FUERZAS PRIMARIAS EN LOS EXTREMOS DE LOS MIEMBROS
Miembro  Junta             N           Vy           Vz            T           My           Mz
      4      1        -0.000       24.375        0.000       -0.000        0.000      -41.250
             4         0.000       -5.625       -0.000        0.000       -0.000      -18.750

DESPLAZAMIENTO DE LAS JUNTAS.
Junta              Dx              Dy              Dz              Rx              Ry              Rz
    1    2.024000E-02    0.000000E+00    0.000000E+00    0.000000E+00    0.000000E+00    2.610278E-03
    2    0.000000E+00    0.000000E+00    0.000000E+00    0.000000E+00    0.000000E+00    0.000000E+00
    3    8.333333E-05    5.280001E-03    0.000000E+00    0.000000E+00    0.000000E+00    0.000000E+00
    4    1.666667E-04   -1.166667E-04    0.000000E+00    0.000000E+00    0.000000E+00   -8.897224E-04
    5    1.666667E-04   -2.558111E-02    0.000000E+00    0.000000E+00    0.000000E+00   -4.329722E-03

FUERZAS EN LAS SECCIONES DE LOS MIEMBROS
Miembro Junta       x          N         Vy         Vz          T         My         Mz
      1     2   0.000     30.000     -3.300      0.000     -0.000      0.000     39.600
                3.000     30.000     -3.300      0.000      0.000      0.000     29.700
                6.000     30.000     -3.300      0.000      0.000      0.000     19.800
                9.000     30.000     -3.300      0.000      0.000      0.000      9.900
            3  12.000     30.000     -3.300     -0.000      0.000     -0.000      0.000
      2     3   0.000     30.000     -3.300      0.000     -0.000      0.000     -0.000
                3.000     30.000     -3.300      0.000      0.000      0.000     -9.900
                6.000     30.000     -3.300      0.000      0.000      0.000    -19.800
                9.000     30.000     -3.300      0.000      0.000      0.000    -29.700
            4  12.000     30.000     -3.300     -0.000      0.000     -0.000    -39.600
      3     4   0.000     -0.000     38.700      0.000     -0.000      0.000   -309.600
                2.000      0.000     38.700      0.000      0.000      0.000   -232.200
                4.000      0.000     38.700      0.000      0.000      0.000   -154.800
                6.000      0.000     38.700      0.000      0.000      0.000    -77.400
            5   8.000      0.000     38.700     -0.000      0.000     -0.000     -0.000
      4     1   0.000    -42.000      0.000      0.000     -0.000      0.000     -0.000
                3.000    -42.000    -15.000      0.000      0.000      0.000    -22.500
                6.000    -42.000    -30.000      0.000      0.000      0.000    -90.000
                9.000    -42.000    -30.000      0.000      0.000      0.000   -180.000
            4  12.000    -42.000    -30.000     -0.000      0.000     -0.000   -270.000


                                                                         Pagina  3
*************************************************************************
* BLACK MOROCOIMA INGENIERIA Y PLANIFICACION       Programa ADE1        *
* ANALISIS ESTATICO DE ESTRUCTURAS ESPACIALES. Version 3.1 Junio 2009   *
* Programaci¢n: E.F.B.S.                                                *
*************************************************************************
++++++++ 2D Frame Isostatic Problem: Example 5.12 in Leet & Uang book ++++++++   Date: 08-05-2009  Time: 10:45:17
First Load Case

CARGAS Y/O REACCIONES EN LAS JUNTAS
Junta          FX          FY          FZ          MX          MY          MZ
    1      0.0000     42.0000      0.0000      0.0000      0.0000      0.0000
    2    -30.0000     -3.3000      0.0000      0.0000      0.0000    -39.6000
    3      0.0000      0.0000      0.0000      0.0000      0.0000      0.0000
    4      0.0000     -0.0000      0.0000      0.0000      0.0000      0.0000
    5      0.0000    -38.7000      0.0000      0.0000      0.0000     -0.0000
Time running 0.00  sec. 
