
                                                                         Pagina  1
*************************************************************************
* BLACK MOROCOIMA INGENIERIA Y PLANIFICACION       Programa ADE1        *
* ANALISIS ESTATICO DE ESTRUCTURAS ESPACIALES. Version 3.1 Junio 2009   *
* Programaci¢n: E.F.B.S.                                                *
*************************************************************************
++++++++ Plane Truss Example  Chapter 5: 2D Truss Weaver & Gere book ++++++++   Date: 08-05-2009  Time: 10:45:17

N=  4         JO=  2          M=  6       NCAS=  1       NMAT=  1       NHIP=  0      NHIPR=  0

Propiedades de los tipos de materiales.
Tipo        E             G             Ct            Peso
1       10000             1        6.5e-06          0.2836

Datos de las Juntas.
Junta  Rdx  Rdy  Rdz  Rrx  Rry  Rrz         X         Y         Z         Kdx        Kdy        Kdz        Krx        Kry        Krz
    1    0    0    1    1    1    0     0.000    80.000     0.000           0          0          0          0          0          0
    2    0    0    1    1    1    0    60.000    80.000     0.000           0          0          0          0          0          0
    3    1    1    1    1    1    0     0.000     0.000     0.000           0          0          0          0          0          0
    4    1    1    1    1    1    0    60.000     0.000     0.000           0          0          0          0          0          0

Datos de los miembros.
Mbro  Ji  Jj   Long.      Area          K        Iyy        Izz   Cixy   Cjxy   Cxy   Cixz   Cjxz   Cxz   Cn=Ct T de M     b      h
   1  -1  -2  60.00  6.000E+00  0.000E+00  1.800E+01  5.000E-01   0.00   0.00   0.00  0.00   0.00   0.00   1.00    1    6.00   1.00
   2  -3  -4  60.00  6.000E+00  0.000E+00  1.800E+01  5.000E-01   0.00   0.00   0.00  0.00   0.00   0.00   1.00    1    6.00   1.00
   3  -1  -3  80.00  8.000E+00  0.000E+00  4.267E+01  6.667E-01   0.00   0.00   0.00  0.00   0.00   0.00   1.00    1    8.00   1.00
   4  -2  -4  80.00  8.000E+00  0.000E+00  4.267E+01  6.667E-01   0.00   0.00   0.00  0.00   0.00   0.00   1.00    1    8.00   1.00
   5  -1  -4 100.00  1.000E+01  0.000E+00  8.333E+01  8.333E-01   0.00   0.00   0.00  0.00   0.00   0.00   1.00    1   10.00   1.00
   6  -2  -3 100.00  1.000E+01  0.000E+00  8.333E+01  8.333E-01   0.00   0.00   0.00  0.00   0.00   0.00   1.00    1   10.00   1.00

Volumen = 4000.000                        Peso =1134.400                        Mean BandWidth: 12.500


                                                                         Pagina  2
*************************************************************************
* BLACK MOROCOIMA INGENIERIA Y PLANIFICACION       Programa ADE1        *
* ANALISIS ESTATICO DE ESTRUCTURAS ESPACIALES. Version 3.1 Junio 2009   *
* Programaci¢n: E.F.B.S.                                                *
*************************************************************************
++++++++ Plane Truss Example  Chapter 5: 2D Truss Weaver & Gere book ++++++++   Date: 08-05-2009  Time: 10:45:17
First Load Case

NJC =    1  NMA =    0  NMC =    4  ATO =  0.000

CARGAS APLICADAS EN LAS JUNTAS
Junta         Fx         Fy         Fz         Mx         My         Mz
    2     20.000     10.000      0.000      0.000      0.000      0.000

CARGAS Y VARIACIONES DE TEMPERATURA EN LOS MIEMBROS (referidas al systema local oxyx).

Miembro     1        ATO1 =    0.000 DTY=    0.000 DTZ=    0.000
Npar= 1  Mx =    0.000 My =    0.000 Mz =-1200.000 A  =   30.000

Miembro     2        ATO1 =    0.000 DTY=    0.000 DTZ=    0.000
Npc = 1  Px =    0.000 Py =  -20.000 Pz =    0.000 A  =   30.000

Miembro     3        ATO1 =    0.000 DTY=    0.000 DTZ=    0.000
Npu = 1  Wx =    0.000 Wy =    0.250 Wz =    0.000 A  =    0.000 B  =   80.000

Miembro     4        ATO1 =    0.000 DTY=    0.000 DTZ=    0.000
Npc = 1  Px =   10.000 Py =   10.000 Pz =    0.000 A  =   40.000

FUERZAS PRIMARIAS EN LOS EXTREMOS DE LOS MIEMBROS
Miembro  Junta             N           Vy           Vz            T           My           Mz
      1      1        -0.000      -20.000        0.000       -0.000        0.000       -0.000
             2         0.000      -20.000       -0.000        0.000       -0.000        0.000
      2      3        -0.000       10.000        0.000       -0.000        0.000       -0.000
             4         0.000      -10.000       -0.000        0.000       -0.000        0.000
      3      1        -0.000      -10.000        0.000       -0.000        0.000       -0.000
             3         0.000       10.000       -0.000        0.000       -0.000        0.000
      4      2         5.000       -5.000        0.000       -0.000        0.000       -0.000
             4        -5.000        5.000       -0.000        0.000       -0.000        0.000

DESPLAZAMIENTO DE LAS JUNTAS.
Junta              Dx              Dy              Dz              Rx              Ry              Rz
    1    1.000061E-01    4.146520E-02    0.000000E+00    0.000000E+00    0.000000E+00    0.000000E+00
    2    1.061050E-01   -4.020147E-02    0.000000E+00    0.000000E+00    0.000000E+00    0.000000E+00
    3    0.000000E+00    0.000000E+00    0.000000E+00    0.000000E+00    0.000000E+00    0.000000E+00
    4    0.000000E+00    0.000000E+00    0.000000E+00    0.000000E+00    0.000000E+00    0.000000E+00

FUERZAS EN LAS SECCIONES DE LOS MIEMBROS
Miembro Junta       x          N         Vy         Vz          T         My         Mz
      1     1   0.000      6.099    -20.000      0.000     -0.000      0.000     -0.000
            2  60.000      6.099    -20.000     -0.000      0.000     -0.000      0.000
      2     3   0.000     -0.000     10.000      0.000     -0.000      0.000     -0.000
            4  60.000      0.000    -10.000     -0.000      0.000     -0.000      0.000
      3     1   0.000     41.465    -10.000      0.000     -0.000      0.000     -0.000
            3  80.000     41.465     10.000     -0.000      0.000     -0.000      0.000

                                                                         Pagina  3
*************************************************************************
* BLACK MOROCOIMA INGENIERIA Y PLANIFICACION       Programa ADE1        *
* ANALISIS ESTATICO DE ESTRUCTURAS ESPACIALES. Version 3.1 Junio 2009   *
* Programaci¢n: E.F.B.S.                                                *
*************************************************************************
++++++++ Plane Truss Example  Chapter 5: 2D Truss Weaver & Gere book ++++++++   Date: 08-05-2009  Time: 10:45:17
First Load Case

FUERZAS EN LAS SECCIONES DE LOS MIEMBROS
Miembro Junta       x          N         Vy         Vz          T         My         Mz
      4     2   0.000    -35.201     -5.000      0.000     -0.000      0.000     -0.000
            4  80.000    -45.201      5.000     -0.000      0.000     -0.000      0.000
      5     1   0.000    -26.832      0.000      0.000     -0.000      0.000     -0.000
            4 100.000    -26.832     -0.000     -0.000      0.000     -0.000      0.000
      6     2   0.000     31.502      0.000      0.000     -0.000      0.000     -0.000
            3 100.000     31.502     -0.000     -0.000      0.000     -0.000      0.000

CARGAS Y/O REACCIONES EN LAS JUNTAS
Junta          FX          FY          FZ          MX          MY          MZ
    1      0.0000      0.0000      0.0000      0.0000      0.0000      0.0000
    2     20.0000     10.0000      0.0000      0.0000      0.0000      0.0000
    3    -28.9011    -56.6667      0.0000      0.0000      0.0000      0.0000
    4    -21.0989     76.6667      0.0000      0.0000      0.0000      0.0000
Time running 0.00  sec. 
