
                                                                         Pagina  1
*************************************************************************
* BLACK MOROCOIMA INGENIERIA Y PLANIFICACION       Programa ADE1        *
* ANALISIS ESTATICO DE ESTRUCTURAS ESPACIALES. Version 3.1 Junio 2009   *
* Programaci¢n: E.F.B.S.                                                *
*************************************************************************
++++++++ Example  13.4 and 13.8 Hibbeler book ++++++++   Date: 08-05-2009  Time: 10:45:17

N=  4         JO=  2          M=  6       NCAS=  2       NMAT=  1       NHIP=  0      NHIPR=  0

Propiedades de los tipos de materiales.
Tipo        E             G             Ct            Peso
1     2.9e+07      1.12e+07        6.5e-06          0.2836

Datos de las Juntas.
Junta  Rdx  Rdy  Rdz  Rrx  Rry  Rrz         X         Y         Z         Kdx        Kdy        Kdz        Krx        Kry        Krz
    1    0    0    1    1    1    0     0.000     0.000     0.000           0          0          0          0          0          0
    2    1    0    1    1    1    0   120.000     0.000     0.000           0          0          0          0          0          0
    3    0    0    1    1    1    0     0.000   120.000     0.000           0          0          0          0          0          0
    4    1    1    1    1    1    0   120.000   120.000     0.000           0          0          0          0          0          0

Datos de los miembros.
Mbro  Ji  Jj   Long.      Area          K        Iyy        Izz   Cixy   Cjxy   Cxy   Cixz   Cjxz   Cxz   Cn=Ct T de M     b      h
   1  -1  -2 120.00  7.500E-01  0.000E+00  3.516E-02  6.250E-02   0.00   0.00   0.00  0.00   0.00   0.00   1.00    1    0.75   1.00
   2  -1  -4 169.71  7.500E-01  0.000E+00  3.516E-02  6.250E-02   0.00   0.00   0.00  0.00   0.00   0.00   1.00    1    0.75   1.00
   3  -1  -3 120.00  7.500E-01  0.000E+00  3.516E-02  6.250E-02   0.00   0.00   0.00  0.00   0.00   0.00   1.00    1    0.75   1.00
   4  -3  -4 120.00  7.500E-01  0.000E+00  3.516E-02  6.250E-02   0.00   0.00   0.00  0.00   0.00   0.00   1.00    1    0.75   1.00
   5  -2  -3 169.71  7.500E-01  0.000E+00  3.516E-02  6.250E-02   0.00   0.00   0.00  0.00   0.00   0.00   1.00    1    0.75   1.00
   6  -2  -4 120.00  7.500E-01  0.000E+00  3.516E-02  6.250E-02   0.00   0.00   0.00  0.00   0.00   0.00   1.00    1    0.75   1.00

Volumen = 614.558                        Peso =174.289                        Mean BandWidth: 12.500


                                                                         Pagina  2
*************************************************************************
* BLACK MOROCOIMA INGENIERIA Y PLANIFICACION       Programa ADE1        *
* ANALISIS ESTATICO DE ESTRUCTURAS ESPACIALES. Version 3.1 Junio 2009   *
* Programaci¢n: E.F.B.S.                                                *
*************************************************************************
++++++++ Example  13.4 and 13.8 Hibbeler book ++++++++   Date: 08-05-2009  Time: 10:45:17
First Load Case

NJC =    1  NMA =    0  NMC =    0  ATO =  0.000

CARGAS APLICADAS EN LAS JUNTAS
Junta         Fx         Fy         Fz         Mx         My         Mz
    3      2.000     -4.000      0.000      0.000      0.000      0.000


DESPLAZAMIENTO DE LAS JUNTAS.
Junta              Dx              Dy              Dz              Rx              Ry              Rz
    1    9.891825E-06   -3.787013E-05    0.000000E+00    0.000000E+00    0.000000E+00    0.000000E+00
    2    0.000000E+00   -1.217714E-05    0.000000E+00    0.000000E+00    0.000000E+00    0.000000E+00
    3   -1.142658E-06   -4.776195E-05    0.000000E+00    0.000000E+00    0.000000E+00    0.000000E+00
    4    0.000000E+00    0.000000E+00    0.000000E+00    0.000000E+00    0.000000E+00    0.000000E+00

FUERZAS EN LAS SECCIONES DE LOS MIEMBROS
Miembro Junta       x          N         Vy         Vz          T         My         Mz
      1     1   0.000     -1.793      0.000      0.000     -0.000      0.000     -0.000
            2 120.000     -1.793     -0.000     -0.000      0.000     -0.000      0.000
      2     1   0.000      2.536      0.000      0.000     -0.000      0.000     -0.000
            4 169.706      2.536     -0.000     -0.000      0.000     -0.000      0.000
      3     1   0.000     -1.793      0.000      0.000     -0.000      0.000     -0.000
            3 120.000     -1.793     -0.000     -0.000      0.000     -0.000      0.000
      4     3   0.000      0.207      0.000      0.000     -0.000      0.000     -0.000
            4 120.000      0.207     -0.000     -0.000      0.000     -0.000      0.000
      5     2   0.000     -3.121      0.000      0.000     -0.000      0.000     -0.000
            3 169.706     -3.121     -0.000     -0.000      0.000     -0.000      0.000
      6     2   0.000      2.207      0.000      0.000     -0.000      0.000     -0.000
            4 120.000      2.207     -0.000     -0.000      0.000     -0.000      0.000

CARGAS Y/O REACCIONES EN LAS JUNTAS
Junta          FX          FY          FZ          MX          MY          MZ
    1      0.0000     -0.0000      0.0000      0.0000      0.0000      0.0000
    2     -4.0000      0.0000      0.0000      0.0000      0.0000      0.0000
    3      2.0000     -4.0000      0.0000      0.0000      0.0000      0.0000
    4      2.0000      4.0000      0.0000      0.0000      0.0000      0.0000

                                                                         Pagina  3
*************************************************************************
* BLACK MOROCOIMA INGENIERIA Y PLANIFICACION       Programa ADE1        *
* ANALISIS ESTATICO DE ESTRUCTURAS ESPACIALES. Version 3.1 Junio 2009   *
* Programaci¢n: E.F.B.S.                                                *
*************************************************************************
++++++++ Example  13.4 and 13.8 Hibbeler book ++++++++   Date: 08-05-2009  Time: 10:45:17
Second Load Case

NJC =    0  NMA =    0  NMC =    1  ATO =  0.000

CARGAS Y VARIACIONES DE TEMPERATURA EN LOS MIEMBROS (referidas al systema local oxyx).

Miembro     2        ATO1 =  150.000 DTY=    0.000 DTZ=    0.000

FUERZAS PRIMARIAS EN LOS EXTREMOS DE LOS MIEMBROS
Miembro  Junta             N           Vy           Vz            T           My           Mz
      2      1    -21206.250        0.000        0.000       -0.000        0.000       -0.000
             4    -21206.250       -0.000       -0.000        0.000       -0.000        0.000

DESPLAZAMIENTO DE LAS JUNTAS.
Junta              Dx              Dy              Dz              Rx              Ry              Rz
    1   -2.423149E-02   -1.412315E-01    0.000000E+00    0.000000E+00    0.000000E+00    0.000000E+00
    2    0.000000E+00   -2.423149E-02    0.000000E+00    0.000000E+00    0.000000E+00    0.000000E+00
    3   -2.423149E-02   -1.170000E-01    0.000000E+00    0.000000E+00    0.000000E+00    0.000000E+00
    4    0.000000E+00    0.000000E+00    0.000000E+00    0.000000E+00    0.000000E+00    0.000000E+00

FUERZAS EN LAS SECCIONES DE LOS MIEMBROS
Miembro Junta       x          N         Vy         Vz          T         My         Mz
      1     1   0.000   4391.958      0.000      0.000     -0.000      0.000     -0.000
            2 120.000   4391.958     -0.000     -0.000      0.000     -0.000      0.000
      2     1   0.000  -6211.167      0.000      0.000     -0.000      0.000     -0.000
            4 169.706  -6211.167     -0.000     -0.000      0.000     -0.000      0.000
      3     1   0.000   4391.958      0.000      0.000     -0.000      0.000     -0.000
            3 120.000   4391.958     -0.000     -0.000      0.000     -0.000      0.000
      4     3   0.000   4391.958      0.000      0.000     -0.000      0.000     -0.000
            4 120.000   4391.958     -0.000     -0.000      0.000     -0.000      0.000
      5     2   0.000  -6211.167      0.000      0.000     -0.000      0.000     -0.000
            3 169.706  -6211.167     -0.000     -0.000      0.000     -0.000      0.000
      6     2   0.000   4391.958      0.000      0.000     -0.000      0.000     -0.000
            4 120.000   4391.958     -0.000     -0.000      0.000     -0.000      0.000

CARGAS Y/O REACCIONES EN LAS JUNTAS
Junta          FX          FY          FZ          MX          MY          MZ
    1      0.0000      0.0000      0.0000      0.0000      0.0000      0.0000
    2     -0.0000      0.0000      0.0000      0.0000      0.0000      0.0000
    3      0.0000     -0.0000      0.0000      0.0000      0.0000      0.0000
    4      0.0000      0.0000      0.0000      0.0000      0.0000      0.0000
Time running 0.00  sec. 
