
                                                                         Pagina  1
*************************************************************************
* BLACK MOROCOIMA INGENIERIA Y PLANIFICACION       Programa ADE1        *
* ANALISIS ESTATICO DE ESTRUCTURAS ESPACIALES. Version 3.1 Junio 2009   *
* Programaci¢n: E.F.B.S.                                                *
*************************************************************************
++++++++ Grid Example 2 Chapter 5: Frame Weaver & Gere book ++++++++   Date: 08-05-2009  Time: 10:45:17

N=  6         JO=  4          M=  5       NCAS=  1       NMAT=  1       NHIP=  0      NHIPR=  0

Propiedades de los tipos de materiales.
Tipo        E             G             Ct            Peso
1       2e+08         8e+07              2               3

Datos de las Juntas.
Junta  Rdx  Rdy  Rdz  Rrx  Rry  Rrz         X         Y         Z         Kdx        Kdy        Kdz        Krx        Kry        Krz
    1    1    1    1    1    1    1     0.000     0.000     0.000           0          0          0          0          0          0
    2    1    1    0    0    0    1     6.000     0.000     0.000           0          0          0          0          0          0
    3    1    1    1    1    1    1    10.000     0.000     0.000           0          0          0          0          0          0
    4    1    1    1    1    1    1     2.000     4.000     0.000           0          0          0          0          0          0
    5    1    1    0    0    0    1     6.000     4.000     0.000           0          0          0          0          0          0
    6    1    1    1    1    1    1     6.000     8.000     0.000           0          0          0          0          0          0

Datos de los miembros.
Mbro  Ji  Jj   Long.      Area          K        Iyy        Izz   Cixy   Cjxy   Cxy   Cixz   Cjxz   Cxz   Cn=Ct T de M     b      h
   1   1   2   6.00  0.000E+00  2.000E-03  1.000E-03  0.000E+00   4.00   4.00   2.00  4.00   4.00   2.00   1.00    1
   2   2   3   4.00  0.000E+00  2.000E-03  1.000E-03  0.000E+00   4.00   4.00   2.00  4.00   4.00   2.00   1.00    1
   3   2   5   4.00  0.000E+00  2.000E-03  1.000E-03  0.000E+00   4.00   4.00   2.00  4.00   4.00   2.00   1.00    1
   4   4   5   4.00  0.000E+00  2.000E-03  1.000E-03  0.000E+00   4.00   4.00   2.00  4.00   4.00   2.00   1.00    1
   5   5   6   4.00  0.000E+00  2.000E-03  1.000E-03  0.000E+00   4.00   4.00   2.00  4.00   4.00   2.00   1.00    1

Volumen =  0.000                        Peso = 0.000                        Mean BandWidth: 9.500


                                                                         Pagina  2
*************************************************************************
* BLACK MOROCOIMA INGENIERIA Y PLANIFICACION       Programa ADE1        *
* ANALISIS ESTATICO DE ESTRUCTURAS ESPACIALES. Version 3.1 Junio 2009   *
* Programaci¢n: E.F.B.S.                                                *
*************************************************************************
++++++++ Grid Example 2 Chapter 5: Frame Weaver & Gere book ++++++++   Date: 08-05-2009  Time: 10:45:17
First Load Case

NJC =    1  NMA =    0  NMC =    2  ATO =  0.000

CARGAS APLICADAS EN LAS JUNTAS
Junta         Fx         Fy         Fz         Mx         My         Mz
    2      0.000      0.000     50.000      0.000    100.000      0.000

CARGAS Y VARIACIONES DE TEMPERATURA EN LOS MIEMBROS (referidas al systema local oxyx).

Miembro     1        ATO1 =    0.000 DTY=    0.000 DTZ=    0.000
Npc = 1  Px =    0.000 Py =    0.000 Pz = -150.000 A  =    3.000

Miembro     4        ATO1 =    0.000 DTY=    0.000 DTZ=    0.000
Npu = 1  Wx =    0.000 Wy =    0.000 Wz =  -75.000 A  =    0.000 B  =    4.000

FUERZAS PRIMARIAS EN LOS EXTREMOS DE LOS MIEMBROS
Miembro  Junta             N           Vy           Vz            T           My           Mz
      1      1        -0.000        0.000       75.000       -0.000     -112.500       -0.000
             2         0.000       -0.000      -75.000        0.000     -112.500        0.000
      4      4        -0.000        0.000      150.000       -0.000     -100.000       -0.000
             5         0.000       -0.000     -150.000        0.000     -100.000        0.000

DESPLAZAMIENTO DE LAS JUNTAS.
Junta              Dx              Dy              Dz              Rx              Ry              Rz
    1    0.000000E+00    0.000000E+00    0.000000E+00    0.000000E+00    0.000000E+00    0.000000E+00
    2    0.000000E+00    0.000000E+00   -1.218248E-03   -3.559946E-04   -1.497583E-04    0.000000E+00
    3    0.000000E+00    0.000000E+00    0.000000E+00    0.000000E+00    0.000000E+00    0.000000E+00
    4    0.000000E+00    0.000000E+00    0.000000E+00    0.000000E+00    0.000000E+00    0.000000E+00
    5    0.000000E+00    0.000000E+00   -2.099254E-03    2.885637E-04    1.837634E-04    0.000000E+00
    6    0.000000E+00    0.000000E+00    0.000000E+00    0.000000E+00    0.000000E+00    0.000000E+00

FUERZAS EN LAS SECCIONES DE LOS MIEMBROS
Miembro Junta       x          N         Vy         Vz          T         My         Mz
      1     1   0.000     -0.000      0.000     93.528     -9.493   -163.092     -0.000
            2   6.000      0.000     -0.000    -56.472     -9.493    -51.924      0.000
      2     2   0.000     -0.000      0.000    -34.452     14.240     61.417     -0.000
            3   4.000      0.000     -0.000    -34.452     14.240    -76.393      0.000
      3     2   0.000     -0.000      0.000     27.980     13.341    -23.733     -0.000
            5   4.000      0.000     -0.000     27.980     13.341     88.189      0.000
      4     4   0.000     -0.000      0.000    214.940     11.543   -239.068     -0.000
            5   4.000      0.000     -0.000    -85.060     11.543     20.691      0.000
      5     5   0.000     -0.000      0.000    -57.080     -7.351     99.731     -0.000
            6   4.000      0.000     -0.000    -57.080     -7.351   -128.588      0.000


                                                                         Pagina  3
*************************************************************************
* BLACK MOROCOIMA INGENIERIA Y PLANIFICACION       Programa ADE1        *
* ANALISIS ESTATICO DE ESTRUCTURAS ESPACIALES. Version 3.1 Junio 2009   *
* Programaci¢n: E.F.B.S.                                                *
*************************************************************************
++++++++ Grid Example 2 Chapter 5: Frame Weaver & Gere book ++++++++   Date: 08-05-2009  Time: 10:45:17
First Load Case

CARGAS Y/O REACCIONES EN LAS JUNTAS
Junta          FX          FY          FZ          MX          MY          MZ
    1      0.0000      0.0000     93.5280      9.4932   -163.0921      0.0000
    2      0.0000      0.0000     50.0000     -0.0000    100.0000      0.0000
    3      0.0000      0.0000     34.4524     14.2398     76.3927      0.0000
    4      0.0000      0.0000    214.9398    -11.5425   -239.0678      0.0000
    5      0.0000      0.0000      0.0000      0.0000     -0.0000      0.0000
    6      0.0000      0.0000     57.0798   -128.5877     -7.3505      0.0000
Time running 0.00  sec. 
