
                                                                         Pagina  1
*************************************************************************
* BLACK MOROCOIMA INGENIERIA Y PLANIFICACION       Programa ADE1        *
* ANALISIS ESTATICO DE ESTRUCTURAS ESPACIALES. Version 3.1 Junio 2009   *
* Programaci¢n: E.F.B.S.                                                *
*************************************************************************
++++++++ 2D Beam Problem: Member releases Example of CE398 Course ++++++++   Date: 08-05-2009  Time: 10:45:17

N=  6         JO=  4          M=  5       NCAS=  1       NMAT=  1       NHIP=  0      NHIPR=  0

Propiedades de los tipos de materiales.
Tipo        E             G             Ct            Peso
1       30000         11538        6.5e-06      0.00028356

Datos de las Juntas.
Junta  Rdx  Rdy  Rdz  Rrx  Rry  Rrz         X         Y         Z         Kdx        Kdy        Kdz        Krx        Kry        Krz
    1    1    1    1    1    1    0     0.000     0.000     0.000           0          0          0          0          0          0
    2    0    1    1    1    1    0   480.000     0.000     0.000           0          0          0          0          0          0
    3    0    0    1    1    1    0   600.000     0.000     0.000           0          0          0          0          0          0
    4    0    0    1    1    1    0  1080.000     0.000     0.000           0          0          0          0          0          0
    5    0    1    1    1    1    0  1200.000     0.000     0.000           0          0          0          0          0          0
    6    1    1    1    1    1    0  1680.000     0.000     0.000           0          0          0          0          0          0

Datos de los miembros.
Mbro  Ji  Jj   Long.      Area          K        Iyy        Izz   Cixy   Cjxy   Cxy   Cixz   Cjxz   Cxz   Cn=Ct T de M     b      h
   1   1   2 480.00  1.620E+01  0.000E+00  4.840E+01  1.140E+03   4.00   4.00   2.00  4.00   4.00   2.00   1.00    1
   2   2   3 120.00  1.620E+01  0.000E+00  4.840E+01  1.140E+03   4.00   4.00   2.00  4.00   4.00   2.00   1.00    1
   3  -3  -4 480.00  1.620E+01  0.000E+00  4.840E+01  1.140E+03   0.00   0.00   0.00  0.00   0.00   0.00   1.00    1
   4   4   5 120.00  1.620E+01  0.000E+00  4.840E+01  1.140E+03   4.00   4.00   2.00  4.00   4.00   2.00   1.00    1
   5   5   6 480.00  1.620E+01  0.000E+00  4.840E+01  1.140E+03   4.00   4.00   2.00  4.00   4.00   2.00   1.00    1

Volumen = 27216.001                        Peso = 7.717                        Mean BandWidth: 8.500


                                                                         Pagina  2
*************************************************************************
* BLACK MOROCOIMA INGENIERIA Y PLANIFICACION       Programa ADE1        *
* ANALISIS ESTATICO DE ESTRUCTURAS ESPACIALES. Version 3.1 Junio 2009   *
* Programaci¢n: E.F.B.S.                                                *
*************************************************************************
++++++++ 2D Beam Problem: Member releases Example of CE398 Course ++++++++   Date: 08-05-2009  Time: 10:45:17
First Load Case: Dead Load

NJC =    0  NMA =    0  NMC =    5  ATO =  0.000

CARGAS Y VARIACIONES DE TEMPERATURA EN LOS MIEMBROS (referidas al systema local oxyx).

Miembro     1        ATO1 =    0.000 DTY=    0.000 DTZ=    0.000
Npu = 1  Wx =    0.000 Wy =   -0.083 Wz =    0.000 A  =    0.000 B  =  480.000

Miembro     2        ATO1 =    0.000 DTY=    0.000 DTZ=    0.000
Npu = 1  Wx =    0.000 Wy =   -0.083 Wz =    0.000 A  =    0.000 B  =  120.000

Miembro     3        ATO1 =    0.000 DTY=    0.000 DTZ=    0.000
Npu = 1  Wx =    0.000 Wy =   -0.083 Wz =    0.000 A  =    0.000 B  =  480.000

Miembro     4        ATO1 =    0.000 DTY=    0.000 DTZ=    0.000
Npu = 1  Wx =    0.000 Wy =   -0.083 Wz =    0.000 A  =    0.000 B  =  120.000

Miembro     5        ATO1 =    0.000 DTY=    0.000 DTZ=    0.000
Npu = 1  Wx =    0.000 Wy =   -0.083 Wz =    0.000 A  =    0.000 B  =  480.000

FUERZAS PRIMARIAS EN LOS EXTREMOS DE LOS MIEMBROS
Miembro  Junta             N           Vy           Vz            T           My           Mz
      1      1        -0.000       19.999        0.000       -0.000        0.000    -1599.936
             2         0.000      -19.999       -0.000        0.000       -0.000    -1599.936
      2      2        -0.000        5.000        0.000       -0.000        0.000      -99.996
             3         0.000       -5.000       -0.000        0.000       -0.000      -99.996
      3      3        -0.000       19.999        0.000       -0.000        0.000       -0.000
             4         0.000      -19.999       -0.000        0.000       -0.000        0.000
      4      4        -0.000        5.000        0.000       -0.000        0.000      -99.996
             5         0.000       -5.000       -0.000        0.000       -0.000      -99.996
      5      5        -0.000       19.999        0.000       -0.000        0.000    -1599.936
             6         0.000      -19.999       -0.000        0.000       -0.000    -1599.936

DESPLAZAMIENTO DE LAS JUNTAS.
Junta              Dx              Dy              Dz              Rx              Ry              Rz
    1    0.000000E+00    0.000000E+00    0.000000E+00    0.000000E+00    0.000000E+00   -4.210358E-03
    2    0.000000E+00    0.000000E+00    0.000000E+00    0.000000E+00    0.000000E+00   -2.806905E-03
    3    0.000000E+00   -7.368126E-01    0.000000E+00    0.000000E+00    0.000000E+00   -7.718989E-03
    4    0.000000E+00   -7.368126E-01    0.000000E+00    0.000000E+00    0.000000E+00    7.718989E-03
    5    0.000000E+00    0.000000E+00    0.000000E+00    0.000000E+00    0.000000E+00    2.806905E-03
    6    0.000000E+00    0.000000E+00    0.000000E+00    0.000000E+00    0.000000E+00    4.210358E-03

FUERZAS EN LAS SECCIONES DE LOS MIEMBROS
Miembro Junta       x          N         Vy         Vz          T         My         Mz
      1     1   0.000     -0.000     13.749      0.000     -0.000      0.000     -0.000
            2 480.000      0.000    -26.249     -0.000      0.000     -0.000  -2999.880
      2     2   0.000     -0.000     29.999      0.000     -0.000      0.000  -2999.880
            3 120.000      0.000     19.999     -0.000      0.000     -0.000      0.000

                                                                         Pagina  3
*************************************************************************
* BLACK MOROCOIMA INGENIERIA Y PLANIFICACION       Programa ADE1        *
* ANALISIS ESTATICO DE ESTRUCTURAS ESPACIALES. Version 3.1 Junio 2009   *
* Programaci¢n: E.F.B.S.                                                *
*************************************************************************
++++++++ 2D Beam Problem: Member releases Example of CE398 Course ++++++++   Date: 08-05-2009  Time: 10:45:17
First Load Case: Dead Load

FUERZAS EN LAS SECCIONES DE LOS MIEMBROS
Miembro Junta       x          N         Vy         Vz          T         My         Mz
      3     3   0.000     -0.000     19.999      0.000     -0.000      0.000     -0.000
            4 480.000      0.000    -19.999     -0.000      0.000     -0.000      0.000
      4     4   0.000     -0.000    -19.999      0.000     -0.000      0.000      0.000
            5 120.000      0.000    -29.999     -0.000      0.000     -0.000  -2999.880
      5     5   0.000     -0.000     26.249      0.000     -0.000      0.000  -2999.880
            6 480.000      0.000    -13.749     -0.000      0.000     -0.000      0.000

CARGAS Y/O REACCIONES EN LAS JUNTAS
Junta          FX          FY          FZ          MX          MY          MZ
    1      0.0000     13.7494      0.0000      0.0000      0.0000      0.0000
    2      0.0000     56.2477      0.0000      0.0000      0.0000      0.0000
    3      0.0000     -0.0000      0.0000      0.0000      0.0000      0.0000
    4      0.0000     -0.0000      0.0000      0.0000      0.0000     -0.0000
    5      0.0000     56.2477      0.0000      0.0000      0.0000     -0.0000
    6      0.0000     13.7494      0.0000      0.0000      0.0000      0.0000
Time running 0.00  sec. 
