
                                                                         Pagina  1
*************************************************************************
* BLACK MOROCOIMA INGENIERIA Y PLANIFICACION       Programa ADE1        *
* ANALISIS ESTATICO DE ESTRUCTURAS ESPACIALES. Version 3.1 Junio 2009   *
* Programaci¢n: E.F.B.S.                                                *
*************************************************************************
++++++++ Example  4.12: 2D Truss Weaver & Gere book ++++++++   Date: 08-05-2009  Time: 10:45:17

N=  4         JO=  2          M=  6       NCAS=  1       NMAT=  1       NHIP=  0      NHIPR=  0

Propiedades de los tipos de materiales.
Tipo        E             G             Ct            Peso
1           1             1        6.5e-06          0.2836

Datos de las Juntas.
Junta  Rdx  Rdy  Rdz  Rrx  Rry  Rrz         X         Y         Z         Kdx        Kdy        Kdz        Krx        Kry        Krz
    1    1    1    1    1    1    0     0.000     0.000     0.000           0          0          0          0          0          0
    2    1    1    1    1    1    0     0.600     0.000     0.000           0          0          0          0          0          0
    3    0    0    1    1    1    0     0.000     0.800     0.000           0          0          0          0          0          0
    4    0    0    1    1    1    0     0.600     0.800     0.000           0          0          0          0          0          0

Datos de los miembros.
Mbro  Ji  Jj   Long.      Area          K        Iyy        Izz   Cixy   Cjxy   Cxy   Cixz   Cjxz   Cxz   Cn=Ct T de M     b      h
   1  -3  -4   0.60  6.000E-01  0.000E+00  1.800E-02  5.000E-02   0.00   0.00   0.00  0.00   0.00   0.00   1.00    1    0.60   1.00
   2  -1  -2   0.60  6.000E-01  0.000E+00  1.800E-02  5.000E-02   0.00   0.00   0.00  0.00   0.00   0.00   1.00    1    0.60   1.00
   3  -1  -3   0.80  8.000E-01  0.000E+00  4.267E-02  6.667E-02   0.00   0.00   0.00  0.00   0.00   0.00   1.00    1    0.80   1.00
   4  -2  -4   0.80  8.000E-01  0.000E+00  4.267E-02  6.667E-02   0.00   0.00   0.00  0.00   0.00   0.00   1.00    1    0.80   1.00
   5  -2  -3   1.00  1.000E+00  0.000E+00  8.333E-02  8.333E-02   0.00   0.00   0.00  0.00   0.00   0.00   1.00    1    1.00   1.00
   6  -1  -4   1.00  1.000E+00  0.000E+00  8.333E-02  8.333E-02   0.00   0.00   0.00  0.00   0.00   0.00   1.00    1    1.00   1.00

Volumen =  4.000                        Peso = 1.134                        Mean BandWidth: 12.500


                                                                         Pagina  2
*************************************************************************
* BLACK MOROCOIMA INGENIERIA Y PLANIFICACION       Programa ADE1        *
* ANALISIS ESTATICO DE ESTRUCTURAS ESPACIALES. Version 3.1 Junio 2009   *
* Programaci¢n: E.F.B.S.                                                *
*************************************************************************
++++++++ Example  4.12: 2D Truss Weaver & Gere book ++++++++   Date: 08-05-2009  Time: 10:45:17
First Load Case

NJC =    1  NMA =    0  NMC =    4  ATO =  0.000

CARGAS APLICADAS EN LAS JUNTAS
Junta         Fx         Fy         Fz         Mx         My         Mz
    4      2.000      1.000      0.000      0.000      0.000      0.000

CARGAS Y VARIACIONES DE TEMPERATURA EN LOS MIEMBROS (referidas al systema local oxyx).

Miembro     1        ATO1 =    0.000 DTY=    0.000 DTZ=    0.000
Npar= 1  Mx =    0.000 My =    0.000 Mz =   -1.200 A  =    0.300

Miembro     2        ATO1 =    0.000 DTY=    0.000 DTZ=    0.000
Npc = 1  Px =    0.000 Py =   -2.000 Pz =    0.000 A  =    0.300

Miembro     3        ATO1 =    0.000 DTY=    0.000 DTZ=    0.000
Npu = 1  Wx =    0.000 Wy =   -2.500 Wz =    0.000 A  =    0.000 B  =    0.800

Miembro     4        ATO1 =    0.000 DTY=    0.000 DTZ=    0.000
Npc = 1  Px =   -1.000 Py =   -1.000 Pz =    0.000 A  =    0.400

FUERZAS PRIMARIAS EN LOS EXTREMOS DE LOS MIEMBROS
Miembro  Junta             N           Vy           Vz            T           My           Mz
      1      3        -0.000       -2.000        0.000       -0.000        0.000       -0.000
             4         0.000       -2.000       -0.000        0.000       -0.000        0.000
      2      1        -0.000        1.000        0.000       -0.000        0.000       -0.000
             2         0.000       -1.000       -0.000        0.000       -0.000        0.000
      3      1        -0.000        1.000        0.000       -0.000        0.000       -0.000
             3         0.000       -1.000       -0.000        0.000       -0.000        0.000
      4      2        -0.500        0.500        0.000       -0.000        0.000       -0.000
             4         0.500       -0.500       -0.000        0.000       -0.000        0.000

DESPLAZAMIENTO DE LAS JUNTAS.
Junta              Dx              Dy              Dz              Rx              Ry              Rz
    1    0.000000E+00    0.000000E+00    0.000000E+00    0.000000E+00    0.000000E+00    0.000000E+00
    2    0.000000E+00    0.000000E+00    0.000000E+00    0.000000E+00    0.000000E+00    0.000000E+00
    3    1.000061E+01    4.146520E+00    0.000000E+00    0.000000E+00    0.000000E+00    0.000000E+00
    4    1.061050E+01   -4.020146E+00    0.000000E+00    0.000000E+00    0.000000E+00    0.000000E+00

FUERZAS EN LAS SECCIONES DE LOS MIEMBROS
Miembro Junta       x          N         Vy         Vz          T         My         Mz
      1     3   0.000      0.610     -2.000      0.000     -0.000      0.000     -0.000
            4   0.600      0.610     -2.000     -0.000      0.000     -0.000      0.000
      2     1   0.000     -0.000      1.000      0.000     -0.000      0.000     -0.000
            2   0.600      0.000     -1.000     -0.000      0.000     -0.000      0.000
      3     1   0.000      4.147      1.000      0.000     -0.000      0.000     -0.000
            3   0.800      4.147     -1.000     -0.000      0.000     -0.000      0.000

                                                                         Pagina  3
*************************************************************************
* BLACK MOROCOIMA INGENIERIA Y PLANIFICACION       Programa ADE1        *
* ANALISIS ESTATICO DE ESTRUCTURAS ESPACIALES. Version 3.1 Junio 2009   *
* Programaci¢n: E.F.B.S.                                                *
*************************************************************************
++++++++ Example  4.12: 2D Truss Weaver & Gere book ++++++++   Date: 08-05-2009  Time: 10:45:17
First Load Case

FUERZAS EN LAS SECCIONES DE LOS MIEMBROS
Miembro Junta       x          N         Vy         Vz          T         My         Mz
      4     2   0.000     -4.520      0.500      0.000     -0.000      0.000     -0.000
            4   0.800     -3.520     -0.500     -0.000      0.000     -0.000      0.000
      5     2   0.000     -2.683      0.000      0.000     -0.000      0.000     -0.000
            3   1.000     -2.683     -0.000     -0.000      0.000     -0.000      0.000
      6     1   0.000      3.150      0.000      0.000     -0.000      0.000     -0.000
            4   1.000      3.150     -0.000     -0.000      0.000     -0.000      0.000

CARGAS Y/O REACCIONES EN LAS JUNTAS
Junta          FX          FY          FZ          MX          MY          MZ
    1     -2.8901     -5.6667      0.0000      0.0000      0.0000      0.0000
    2     -2.1099      7.6667      0.0000      0.0000      0.0000      0.0000
    3     -0.0000      0.0000      0.0000      0.0000      0.0000      0.0000
    4      2.0000      1.0000      0.0000      0.0000      0.0000      0.0000
Time running 0.00  sec. 
