
                                                                         Pagina  1
*************************************************************************
* BLACK MOROCOIMA INGENIERIA Y PLANIFICACION       Programa ADE1        *
* ANALISIS ESTATICO DE ESTRUCTURAS ESPACIALES. Version 3.1 Junio 2009   *
* Programaci¢n: E.F.B.S.                                                *
*************************************************************************
++++++++ Space Frame Example 1 Chapter 5: Frame Weaver & Gere book ++++++++   Date: 08-05-2009  Time: 10:45:17

N=  4         JO=  2          M=  3       NCAS=  1       NMAT=  1       NHIP=  0      NHIPR=  0

Propiedades de los tipos de materiales.
Tipo        E             G             Ct            Peso
1       2e+08         8e+07              2               3

Datos de las Juntas.
Junta  Rdx  Rdy  Rdz  Rrx  Rry  Rrz         X         Y         Z         Kdx        Kdy        Kdz        Krx        Kry        Krz
    1    1    1    1    1    1    1     0.000     0.000     0.000           0          0          0          0          0          0
    2    0    0    0    0    0    0     0.000     3.000     0.000           0          0          0          0          0          0
    3    0    0    0    0    0    0     6.000     3.000     0.000           0          0          0          0          0          0
    4    1    1    1    1    1    1     9.000     0.000     3.000           0          0          0          0          0          0

Datos de los miembros.
Mbro  Ji  Jj   Long.      Area          K        Iyy        Izz   Cixy   Cjxy   Cxy   Cixz   Cjxz   Cxz   Cn=Ct T de M     b      h
   1   1   2   3.00  1.000E-02  2.000E-03  1.000E-03  1.000E-03   4.00   4.00   2.00  4.00   4.00   2.00   1.00    1
   2   2   3   6.00  1.000E-02  2.000E-03  1.000E-03  1.000E-03   4.00   4.00   2.00  4.00   4.00   2.00   1.00    1
   3   3   4   5.20  1.000E-02  2.000E-03  1.000E-03  1.000E-03   4.00   4.00   2.00  4.00   4.00   2.00   1.00    1

Volumen =  0.142                        Peso = 0.426                        Mean BandWidth: 8.000


                                                                         Pagina  2
*************************************************************************
* BLACK MOROCOIMA INGENIERIA Y PLANIFICACION       Programa ADE1        *
* ANALISIS ESTATICO DE ESTRUCTURAS ESPACIALES. Version 3.1 Junio 2009   *
* Programaci¢n: E.F.B.S.                                                *
*************************************************************************
++++++++ Space Frame Example 1 Chapter 5: Frame Weaver & Gere book ++++++++   Date: 08-05-2009  Time: 10:45:17
First Load Case

NJC =    2  NMA =    0  NMC =    1  ATO =  0.000

CARGAS APLICADAS EN LAS JUNTAS
Junta         Fx         Fy         Fz         Mx         My         Mz
    2    120.000      0.000      0.000      0.000      0.000      0.000
    3      0.000    -60.000      0.000      0.000      0.000   -180.000

CARGAS Y VARIACIONES DE TEMPERATURA EN LOS MIEMBROS (referidas al systema local oxyx).

Miembro     2        ATO1 =    0.000 DTY=    0.000 DTZ=    0.000
Npc = 1  Px =    0.000 Py =    0.000 Pz =  240.000 A  =    3.000

FUERZAS PRIMARIAS EN LOS EXTREMOS DE LOS MIEMBROS
Miembro  Junta             N           Vy           Vz            T           My           Mz
      2      2        -0.000        0.000     -120.000       -0.000      180.000       -0.000
             3         0.000       -0.000      120.000        0.000      180.000        0.000

DESPLAZAMIENTO DE LAS JUNTAS.
Junta              Dx              Dy              Dz              Rx              Ry              Rz
    1    0.000000E+00    0.000000E+00    0.000000E+00    0.000000E+00    0.000000E+00    0.000000E+00
    2   -8.594097E-04    5.776353E-05    5.007644E-03    2.393332E-03   -1.623169E-03    6.813312E-04
    3   -1.176053E-03    3.253162E-03    5.255517E-03    1.288428E-03    1.720936E-03   -7.714689E-04
    4    0.000000E+00    0.000000E+00    0.000000E+00    0.000000E+00    0.000000E+00    0.000000E+00

FUERZAS EN LAS SECCIONES DE LOS MIEMBROS
Miembro Junta       x          N         Vy         Vz          T         My         Mz
      1     1   0.000     38.509     14.452   -126.013    -86.569    348.575     23.744
            2   3.000     38.509     14.452   -126.013    -86.569    -29.464     67.100
      2     2   0.000   -105.548    -38.509   -126.013    -29.464     86.569     67.100
            3   6.000   -105.548    -38.509    113.987    -29.464     50.491   -163.954
      3     3   0.000   -183.623      9.192      5.967     21.404     46.703     32.181
            4   5.196   -183.623      9.192      5.967     21.404     77.711     79.946

CARGAS Y/O REACCIONES EN LAS JUNTAS
Junta          FX          FY          FZ          MX          MY          MZ
    1    -14.4522    -38.5090   -126.0130   -348.5750     86.5690    -23.7438
    2    120.0000     -0.0000     -0.0000     -0.0000      0.0000      0.0000
    3      0.0000    -60.0000      0.0000      0.0000     -0.0000   -180.0000
    4   -105.5478     98.5090   -113.9870    -75.8979    -75.8082     37.1626
Time running 0.00  sec. 
