
                                                                         Pagina  1
*************************************************************************
* BLACK MOROCOIMA INGENIERIA Y PLANIFICACION       Programa ADE1        *
* ANALISIS ESTATICO DE ESTRUCTURAS ESPACIALES. Version 3.1 Junio 2009   *
* Programaci¢n: E.F.B.S.                                                *
*************************************************************************
++++++++ Grid Example 1 Chapter 5: Frame Weaver & Gere book ++++++++   Date: 08-05-2009  Time: 10:45:17

N=  3         JO=  2          M=  2       NCAS=  1       NMAT=  1       NHIP=  0      NHIPR=  0

Propiedades de los tipos de materiales.
Tipo        E             G             Ct            Peso
1       10000          4000              2               3

Datos de las Juntas.
Junta  Rdx  Rdy  Rdz  Rrx  Rry  Rrz         X         Y         Z         Kdx        Kdy        Kdz        Krx        Kry        Krz
    1    1    1    1    1    1    1     0.000    75.000     0.000           0          0          0          0          0          0
    2    1    1    0    0    0    1   100.000    75.000     0.000           0          0          0          0          0          0
    3    1    1    1    1    1    1   200.000     0.000     0.000           0          0          0          0          0          0

Datos de los miembros.
Mbro  Ji  Jj   Long.      Area          K        Iyy        Izz   Cixy   Cjxy   Cxy   Cixz   Cjxz   Cxz   Cn=Ct T de M     b      h
   1   1   2 100.00  0.000E+00  1.000E+03  1.000E+03  0.000E+00   4.00   4.00   2.00  4.00   4.00   2.00   1.00    1
   2   2   3 125.00  0.000E+00  1.000E+03  1.000E+03  0.000E+00   4.00   4.00   2.00  4.00   4.00   2.00   1.00    1

Volumen =  0.000                        Peso = 0.000                        Mean BandWidth: 7.500


                                                                         Pagina  2
*************************************************************************
* BLACK MOROCOIMA INGENIERIA Y PLANIFICACION       Programa ADE1        *
* ANALISIS ESTATICO DE ESTRUCTURAS ESPACIALES. Version 3.1 Junio 2009   *
* Programaci¢n: E.F.B.S.                                                *
*************************************************************************
++++++++ Grid Example 1 Chapter 5: Frame Weaver & Gere book ++++++++   Date: 08-05-2009  Time: 10:45:17
First Load Case

NJC =    1  NMA =    0  NMC =    2  ATO =  0.000

CARGAS APLICADAS EN LAS JUNTAS
Junta         Fx         Fy         Fz         Mx         My         Mz
    2      0.000      0.000    -10.000      0.000   1000.000      0.000

CARGAS Y VARIACIONES DE TEMPERATURA EN LOS MIEMBROS (referidas al systema local oxyx).

Miembro     1        ATO1 =    0.000 DTY=    0.000 DTZ=    0.000
Npu = 1  Wx =    0.000 Wy =    0.000 Wz =   -0.240 A  =    0.000 B  =  100.000

Miembro     2        ATO1 =    0.000 DTY=    0.000 DTZ=    0.000
Npc = 1  Px =    0.000 Py =    0.000 Pz =  -20.000 A  =   62.500

FUERZAS PRIMARIAS EN LOS EXTREMOS DE LOS MIEMBROS
Miembro  Junta             N           Vy           Vz            T           My           Mz
      1      1        -0.000        0.000       12.000       -0.000     -200.000       -0.000
             2         0.000       -0.000      -12.000        0.000     -200.000        0.000
      2      2        -0.000        0.000       10.000       -0.000     -312.500       -0.000
             3         0.000       -0.000      -10.000        0.000     -312.500        0.000

DESPLAZAMIENTO DE LAS JUNTAS.
Junta              Dx              Dy              Dz              Rx              Ry              Rz
    1    0.000000E+00    0.000000E+00    0.000000E+00    0.000000E+00    0.000000E+00    0.000000E+00
    2    0.000000E+00    0.000000E+00   -3.550753E-01   -7.598538E-03    5.094890E-03    0.000000E+00
    3    0.000000E+00    0.000000E+00    0.000000E+00    0.000000E+00    0.000000E+00    0.000000E+00

FUERZAS EN LAS SECCIONES DE LOS MIEMBROS
Miembro Junta       x          N         Vy         Vz          T         My         Mz
      1     1   0.000     -0.000      0.000     24.040   -303.942  -1311.474     -0.000
            2 100.000      0.000     -0.000      0.040   -303.942   -107.504      0.000
      2     2   0.000     -0.000      0.000     -9.960    292.344    896.362     -0.000
            3 125.000      0.000     -0.000    -29.960    292.344  -1598.676      0.000

CARGAS Y/O REACCIONES EN LAS JUNTAS
Junta          FX          FY          FZ          MX          MY          MZ
    1      0.0000      0.0000     24.0397    303.9415  -1311.4740      0.0000
    2      0.0000      0.0000    -10.0000      0.0000   1000.0000      0.0000
    3      0.0000      0.0000     29.9603   1193.0809   1103.5338      0.0000
Time running 0.00  sec. 
