
                                                                         Pagina  1
*************************************************************************
* BLACK MOROCOIMA INGENIERIA Y PLANIFICACION       Programa ADE1        *
* ANALISIS ESTATICO DE ESTRUCTURAS ESPACIALES. Version 3.1 Junio 2009   *
* Programaci¢n: E.F.B.S.                                                *
*************************************************************************
++++++++ 2D Frame Problem: Unbraced Frame Example of CE398 Course ++++++++   Date: 08-05-2009  Time: 10:45:17

N=  4         JO=  2          M=  3       NCAS=  2       NMAT=  1       NHIP=  1      NHIPR=  1

Propiedades de los tipos de materiales.
Tipo        E             G             Ct            Peso
1       29000         11154        6.5e-06      0.00028356

Datos de las Juntas.
Junta  Rdx  Rdy  Rdz  Rrx  Rry  Rrz         X         Y         Z         Kdx        Kdy        Kdz        Krx        Kry        Krz
    1    1    1    1    1    1    0     0.000     0.000     0.000           0          0          0          0          0          0
    2    0    0    1    1    1    0     0.000   100.000     0.000           0          0          0          0          0          0
    3    0    0    1    1    1    0   200.000   100.000     0.000           0          0          0          0          0          0
    4    1    1    1    1    1    1   200.000     0.000     0.000           0          0          0          0          0          0

Datos de los miembros.
Mbro  Ji  Jj   Long.      Area          K        Iyy        Izz   Cixy   Cjxy   Cxy   Cixz   Cjxz   Cxz   Cn=Ct T de M     b      h
   1   1   2 100.00  2.000E+01  0.000E+00  0.000E+00  8.000E+02   4.00   4.00   2.00  4.00   4.00   2.00   1.00    1
   2   2   3 200.00  4.000E+01  0.000E+00  0.000E+00  1.600E+03   4.00   4.00   2.00  4.00   4.00   2.00   1.00    1
   3   3   4 100.00  2.000E+01  0.000E+00  0.000E+00  8.000E+02   4.00   4.00   2.00  4.00   4.00   2.00   1.00    1

Volumen = 12000.000                        Peso = 3.403                        Mean BandWidth: 8.000


                                                                         Pagina  2
*************************************************************************
* BLACK MOROCOIMA INGENIERIA Y PLANIFICACION       Programa ADE1        *
* ANALISIS ESTATICO DE ESTRUCTURAS ESPACIALES. Version 3.1 Junio 2009   *
* Programaci¢n: E.F.B.S.                                                *
*************************************************************************
++++++++ 2D Frame Problem: Unbraced Frame Example of CE398 Course ++++++++   Date: 08-05-2009  Time: 10:45:17
First Load Case: Dead Load

NJC =    2  NMA =    0  NMC =    1  ATO =  0.000

CARGAS APLICADAS EN LAS JUNTAS
Junta         Fx         Fy         Fz         Mx         My         Mz
    2      0.000     -7.000      0.000      0.000      0.000      0.000
    3      0.000     -7.000      0.000      0.000      0.000      0.000

CARGAS Y VARIACIONES DE TEMPERATURA EN LOS MIEMBROS (referidas al systema local oxyx).

Miembro     2        ATO1 =    0.000 DTY=    0.000 DTZ=    0.000
Npu = 1  Wx =    0.000 Wy =   -0.150 Wz =    0.000 A  =    0.000 B  =  200.000

FUERZAS PRIMARIAS EN LOS EXTREMOS DE LOS MIEMBROS
Miembro  Junta             N           Vy           Vz            T           My           Mz
      2      2        -0.000       15.000        0.000       -0.000        0.000     -500.000
             3         0.000      -15.000       -0.000        0.000       -0.000     -500.000

DESPLAZAMIENTO DE LAS JUNTAS.
Junta              Dx              Dy              Dz              Rx              Ry              Rz
    1    0.000000E+00    0.000000E+00    0.000000E+00    0.000000E+00    0.000000E+00    3.375198E-04
    2   -9.375620E-03   -3.850766E-03    0.000000E+00    0.000000E+00    0.000000E+00   -3.937711E-04
    3   -9.960653E-03   -3.735441E-03    0.000000E+00    0.000000E+00    0.000000E+00    4.429767E-04
    4    0.000000E+00    0.000000E+00    0.000000E+00    0.000000E+00    0.000000E+00    0.000000E+00

FUERZAS EN LAS SECCIONES DE LOS MIEMBROS
Miembro Junta       x          N         Vy         Vz          T         My         Mz
      1     1   0.000    -22.334     -3.393      0.000     -0.000      0.000      0.000
            2 100.000    -22.334     -3.393     -0.000      0.000     -0.000   -339.319
      2     2   0.000     -3.393     15.334      0.000     -0.000      0.000   -339.319
            3 200.000     -3.393    -14.666     -0.000      0.000     -0.000   -272.430
      3     3   0.000    -21.666      3.393      0.000     -0.000      0.000   -272.430
            4 100.000    -21.666      3.393     -0.000      0.000     -0.000     66.889

CARGAS Y/O REACCIONES EN LAS JUNTAS
Junta          FX          FY          FZ          MX          MY          MZ
    1      3.3932     22.3344      0.0000      0.0000      0.0000     -0.0000
    2     -0.0000     -7.0000      0.0000      0.0000      0.0000      0.0000
    3     -0.0000     -7.0000      0.0000      0.0000      0.0000      0.0000
    4     -3.3932     21.6656      0.0000      0.0000      0.0000     66.8889

                                                                         Pagina  3
*************************************************************************
* BLACK MOROCOIMA INGENIERIA Y PLANIFICACION       Programa ADE1        *
* ANALISIS ESTATICO DE ESTRUCTURAS ESPACIALES. Version 3.1 Junio 2009   *
* Programaci¢n: E.F.B.S.                                                *
*************************************************************************
++++++++ 2D Frame Problem: Unbraced Frame Example of CE398 Course ++++++++   Date: 08-05-2009  Time: 10:45:17
Second Load Case: Live Load

NJC =    1  NMA =    0  NMC =    2  ATO =  0.000

CARGAS APLICADAS EN LAS JUNTAS
Junta         Fx         Fy         Fz         Mx         My         Mz
    2     10.000      0.000      0.000      0.000      0.000      0.000

CARGAS Y VARIACIONES DE TEMPERATURA EN LOS MIEMBROS (referidas al systema local oxyx).

Miembro     1        ATO1 =    0.000 DTY=    0.000 DTZ=    0.000
Npu = 1  Wx =    0.000 Wy =   -0.100 Wz =    0.000 A  =   50.000 B  =  100.000

Miembro     2        ATO1 =    0.000 DTY=    0.000 DTZ=    0.000
Npu = 1  Wx =    0.000 Wy =   -0.150 Wz =    0.000 A  =    0.000 B  =  200.000
Npc = 1  Px =    0.000 Py =   -5.000 Pz =    0.000 A  =  100.000

FUERZAS PRIMARIAS EN LOS EXTREMOS DE LOS MIEMBROS
Miembro  Junta             N           Vy           Vz            T           My           Mz
      1      1        -0.000        0.938        0.000       -0.000        0.000      -26.042
             2         0.000       -4.063       -0.000        0.000       -0.000      -57.292
      2      2        -0.000       17.500        0.000       -0.000        0.000     -625.000
             3         0.000      -17.500       -0.000        0.000       -0.000     -625.000

DESPLAZAMIENTO DE LAS JUNTAS.
Junta              Dx              Dy              Dz              Rx              Ry              Rz
    1    0.000000E+00    0.000000E+00    0.000000E+00    0.000000E+00    0.000000E+00   -4.898876E-04
    2    5.073501E-02   -2.457962E-03    0.000000E+00    0.000000E+00    0.000000E+00   -5.983994E-04
    3    4.813383E-02   -3.576521E-03    0.000000E+00    0.000000E+00    0.000000E+00    1.211472E-04
    4    0.000000E+00    0.000000E+00    0.000000E+00    0.000000E+00    0.000000E+00    0.000000E+00

FUERZAS EN LAS SECCIONES DE LOS MIEMBROS
Miembro Junta       x          N         Vy         Vz          T         My         Mz
      1     1   0.000    -14.256     -0.087      0.000     -0.000      0.000     -0.000
            2 100.000    -14.256     -5.087     -0.000      0.000     -0.000   -133.683
      2     2   0.000    -15.087     14.256      0.000     -0.000      0.000   -133.683
            3 200.000    -15.087    -20.744     -0.000      0.000     -0.000   -782.448
      3     3   0.000    -20.744     15.087      0.000     -0.000      0.000   -782.448
            4 100.000    -20.744     15.087     -0.000      0.000     -0.000    726.235

CARGAS Y/O REACCIONES EN LAS JUNTAS
Junta          FX          FY          FZ          MX          MY          MZ
    1      0.0868     14.2562      0.0000      0.0000      0.0000      0.0000
    2     10.0000      0.0000      0.0000      0.0000      0.0000      0.0000
    3      0.0000      0.0000      0.0000      0.0000      0.0000     -0.0000
    4    -15.0868     20.7438      0.0000      0.0000      0.0000    726.2353

                                                                         Pagina  4
*************************************************************************
* BLACK MOROCOIMA INGENIERIA Y PLANIFICACION       Programa ADE1        *
* ANALISIS ESTATICO DE ESTRUCTURAS ESPACIALES. Version 3.1 Junio 2009   *
* Programaci¢n: E.F.B.S.                                                *
*************************************************************************
++++++++ 2D Frame Problem: Unbraced Frame Example of CE398 Course ++++++++   Date: 08-05-2009  Time: 10:45:17

Hipotesis de Combinaciones de Solicitaciones (Miembros)
Hipotesis  Caso de Carga  Factor
    1            1        1.4000
                 2        1.7000


                                                                         Pagina  5
*************************************************************************
* BLACK MOROCOIMA INGENIERIA Y PLANIFICACION       Programa ADE1        *
* ANALISIS ESTATICO DE ESTRUCTURAS ESPACIALES. Version 3.1 Junio 2009   *
* Programaci¢n: E.F.B.S.                                                *
*************************************************************************
++++++++ 2D Frame Problem: Unbraced Frame Example of CE398 Course ++++++++   Date: 08-05-2009  Time: 10:45:17

FUERZAS EN LAS SECCIONES DE LOS MIEMBROS PARA LAS HIPOTESIS DE SOLICITACIONES
Miembro       x        Hip          N           Vy          Vz           T          My          Mz
      1   0.000          1     -55.504      -4.898       0.000       0.000       0.000      -0.000
        100.000          1     -55.504     -13.398       0.000       0.000       0.000    -702.307
      2   0.000          1     -30.398      45.704       0.000       0.000       0.000    -702.307
        200.000          1     -30.398     -55.796       0.000       0.000       0.000   -1711.563
      3   0.000          1     -65.596      30.398       0.000       0.000       0.000   -1711.563
        100.000          1     -65.596      30.398       0.000       0.000       0.000    1328.244

                                                                         Pagina  6
*************************************************************************
* BLACK MOROCOIMA INGENIERIA Y PLANIFICACION       Programa ADE1        *
* ANALISIS ESTATICO DE ESTRUCTURAS ESPACIALES. Version 3.1 Junio 2009   *
* Programaci¢n: E.F.B.S.                                                *
*************************************************************************
++++++++ 2D Frame Problem: Unbraced Frame Example of CE398 Course ++++++++   Date: 08-05-2009  Time: 10:45:17

Usando las mismas combinaciones de los miembros
Hipotesis  Caso de Carga  Factor
    1            1         1.400
                 2         1.700


                                                                         Pagina  7
*************************************************************************
* BLACK MOROCOIMA INGENIERIA Y PLANIFICACION       Programa ADE1        *
* ANALISIS ESTATICO DE ESTRUCTURAS ESPACIALES. Version 3.1 Junio 2009   *
* Programaci¢n: E.F.B.S.                                                *
*************************************************************************
++++++++ 2D Frame Problem: Unbraced Frame Example of CE398 Course ++++++++   Date: 08-05-2009  Time: 10:45:17

REACCIONES EN LAS JUNTAS PARA LAS HIPOTESIS DE SOLICITACIONES
Junta   Hip          Fx          Fy          Fz          Mx          My          Mz
    1     1       4.898      55.504       0.000       0.000       0.000       0.000
    2     1      17.000      -9.800       0.000       0.000       0.000       0.000
    3     1       0.000      -9.800       0.000       0.000       0.000      -0.000
    4     1     -30.398      65.596       0.000       0.000       0.000    1328.244
Time running 0.00  sec. 
