
                                                                         Pagina  1
*************************************************************************
* BLACK MOROCOIMA INGENIERIA Y PLANIFICACION       Programa ADE1        *
* ANALISIS ESTATICO DE ESTRUCTURAS ESPACIALES. Version 3.1 Junio 2009   *
* Programaci¢n: E.F.B.S.                                                *
*************************************************************************
++++++++ 2D Frame Isostatic Problem: Problem 5.36 in West & Geschwindner book ++++++++   Date: 08-05-2009  Time: 10:45:17

N=  5         JO=  2          M=  4       NCAS=  1       NMAT=  1       NHIP=  0      NHIPR=  0

Propiedades de los tipos de materiales.
Tipo        E             G             Ct            Peso
1    4.32e+06     1.662e+06        6.5e-06            0.49

Datos de las Juntas.
Junta  Rdx  Rdy  Rdz  Rrx  Rry  Rrz         X         Y         Z         Kdx        Kdy        Kdz        Krx        Kry        Krz
    1    1    1    1    1    1    0     0.000     0.000     0.000           0          0          0          0          0          0
    2    0    0    1    1    1    0     0.000    15.000     0.000           0          0          0          0          0          0
    3    0    0    1    1    1    0     7.500    15.000     0.000           0          0          0          0          0          0
    4    0    0    1    1    1    0    15.000    15.000     0.000           0          0          0          0          0          0
    5    1    1    1    1    1    0    15.000     5.000     0.000           0          0          0          0          0          0

Datos de los miembros.
Mbro  Ji  Jj   Long.      Area          K        Iyy        Izz   Cixy   Cjxy   Cxy   Cixz   Cjxz   Cxz   Cn=Ct T de M     b      h
   1   1   2  15.00  1.000E+00  1.408E-01  8.333E-02  8.333E-02   4.00   4.00   2.00  4.00   4.00   2.00   1.00    1    1.00   1.00
   2   2  -3   7.50  1.000E+00  1.408E-01  8.333E-02  8.333E-02   3.00   0.00   0.00  3.00   0.00   0.00   1.00    1    1.00   1.00
   3  -3   4   7.50  1.000E+00  1.408E-01  8.333E-02  8.333E-02   0.00   3.00   0.00  0.00   3.00   0.00   1.00    1    1.00   1.00
   4   4   5  10.00  1.000E+00  1.408E-01  8.333E-02  8.333E-02   4.00   4.00   2.00  4.00   4.00   2.00   1.00    1    1.00   1.00

Volumen = 40.000                        Peso =19.600                        Mean BandWidth: 8.300


                                                                         Pagina  2
*************************************************************************
* BLACK MOROCOIMA INGENIERIA Y PLANIFICACION       Programa ADE1        *
* ANALISIS ESTATICO DE ESTRUCTURAS ESPACIALES. Version 3.1 Junio 2009   *
* Programaci¢n: E.F.B.S.                                                *
*************************************************************************
++++++++ 2D Frame Isostatic Problem: Problem 5.36 in West & Geschwindner book ++++++++   Date: 08-05-2009  Time: 10:45:17
First Load Case

NJC =    1  NMA =    0  NMC =    3  ATO =  0.000

CARGAS APLICADAS EN LAS JUNTAS
Junta         Fx         Fy         Fz         Mx         My         Mz
    2     20.000      0.000      0.000      0.000      0.000      0.000

CARGAS Y VARIACIONES DE TEMPERATURA EN LOS MIEMBROS (referidas al systema local oxyx).

Miembro     2        ATO1 =    0.000 DTY=    0.000 DTZ=    0.000
Npu = 1  Wx =    0.000 Wy =   -3.000 Wz =    0.000 A  =    0.000 B  =    7.500

Miembro     3        ATO1 =    0.000 DTY=    0.000 DTZ=    0.000
Npu = 1  Wx =    0.000 Wy =   -3.000 Wz =    0.000 A  =    0.000 B  =    7.500

Miembro     4        ATO1 =    0.000 DTY=    0.000 DTZ=    0.000
Npv = 1  Wxi=    0.000 Wxj=    0.000 Wyi=    0.000 Wyj=   -1.500 Wzi=    0.000 Wzj=    0.000 A  =    0.000 B  =   10.000

FUERZAS PRIMARIAS EN LOS EXTREMOS DE LOS MIEMBROS
Miembro  Junta             N           Vy           Vz            T           My           Mz
      2      2        -0.000       14.062        0.000       -0.000        0.000      -21.094
             3         0.000       -8.438       -0.000        0.000       -0.000        0.000
      3      3        -0.000        8.438        0.000       -0.000        0.000       -0.000
             4         0.000      -14.062       -0.000        0.000       -0.000      -21.094
      4      4        -0.000        2.250        0.000       -0.000        0.000       -5.000
             5         0.000       -5.250       -0.000        0.000       -0.000       -7.500

DESPLAZAMIENTO DE LAS JUNTAS.
Junta              Dx              Dy              Dz              Rx              Ry              Rz
    1    0.000000E+00    0.000000E+00    0.000000E+00    0.000000E+00    0.000000E+00   -1.147921E-03
    2    1.682818E-02   -3.732639E-05    0.000000E+00    0.000000E+00    0.000000E+00   -1.069796E-03
    3    1.679389E-02   -6.766848E-03    0.000000E+00    0.000000E+00    0.000000E+00    0.000000E+00
    4    1.675961E-02   -7.928241E-05    0.000000E+00    0.000000E+00    0.000000E+00   -1.597569E-04
    5    0.000000E+00    0.000000E+00    0.000000E+00    0.000000E+00    0.000000E+00   -2.381979E-03

FUERZAS EN LAS SECCIONES DE LOS MIEMBROS
Miembro Junta       x          N         Vy         Vz          T         My         Mz
      1     1   0.000    -10.750      0.250      0.000     -0.000      0.000      0.000
                3.750    -10.750      0.250      0.000      0.000      0.000      0.938
                7.500    -10.750      0.250      0.000      0.000      0.000      1.875
               11.250    -10.750      0.250      0.000      0.000      0.000      2.813
            2  15.000    -10.750      0.250     -0.000      0.000     -0.000      3.750
      2     2   0.000    -19.750     10.750      0.000     -0.000      0.000      3.750
                1.875    -19.750      5.125      0.000      0.000      0.000     18.633
                3.750    -19.750     -0.500      0.000      0.000      0.000     22.969
                5.625    -19.750     -6.125      0.000      0.000      0.000     16.758
            3   7.500    -19.750    -11.750     -0.000      0.000     -0.000      0.000

                                                                         Pagina  3
*************************************************************************
* BLACK MOROCOIMA INGENIERIA Y PLANIFICACION       Programa ADE1        *
* ANALISIS ESTATICO DE ESTRUCTURAS ESPACIALES. Version 3.1 Junio 2009   *
* Programaci¢n: E.F.B.S.                                                *
*************************************************************************
++++++++ 2D Frame Isostatic Problem: Problem 5.36 in West & Geschwindner book ++++++++   Date: 08-05-2009  Time: 10:45:17
First Load Case

FUERZAS EN LAS SECCIONES DE LOS MIEMBROS
Miembro Junta       x          N         Vy         Vz          T         My         Mz
      3     3   0.000    -19.750    -11.750      0.000     -0.000      0.000     -0.000
                1.875    -19.750    -17.375      0.000      0.000      0.000    -27.305
                3.750    -19.750    -23.000      0.000      0.000      0.000    -65.156
                5.625    -19.750    -28.625      0.000      0.000      0.000   -113.555
            4   7.500    -19.750    -34.250     -0.000      0.000     -0.000   -172.500
      4     4   0.000    -34.250     19.750      0.000     -0.000      0.000   -172.500
                2.500    -34.250     19.281      0.000      0.000      0.000   -123.516
                5.000    -34.250     17.875      0.000      0.000      0.000    -76.875
                7.500    -34.250     15.531      0.000      0.000      0.000    -34.922
            5  10.000    -34.250     12.250     -0.000      0.000     -0.000      0.000

CARGAS Y/O REACCIONES EN LAS JUNTAS
Junta          FX          FY          FZ          MX          MY          MZ
    1     -0.2500     10.7500      0.0000      0.0000      0.0000     -0.0000
    2     20.0000     -0.0000      0.0000      0.0000      0.0000      0.0000
    3      0.0000      0.0000      0.0000      0.0000      0.0000      0.0000
    4     -0.0000      0.0000      0.0000      0.0000      0.0000      0.0000
    5    -12.2500     34.2500      0.0000      0.0000      0.0000      0.0000
Time running 0.00  sec. 
