
                                                                         Pagina  1
*************************************************************************
* BLACK MOROCOIMA INGENIERIA Y PLANIFICACION       Programa ADE1        *
* ANALISIS ESTATICO DE ESTRUCTURAS ESPACIALES. Version 3.1 Junio 2009   *
* Programaci¢n: E.F.B.S.                                                *
*************************************************************************
++++++++ Space Truss Example 2 Chapter 5: Frame Weaver & Gere book ++++++++   Date: 08-05-2009  Time: 10:45:17

N=  6         JO=  3          M=  9       NCAS=  1       NMAT=  1       NHIP=  0      NHIPR=  0

Propiedades de los tipos de materiales.
Tipo        E             G             Ct            Peso
1       8e+07             1              2               3

Datos de las Juntas.
Junta  Rdx  Rdy  Rdz  Rrx  Rry  Rrz         X         Y         Z         Kdx        Kdy        Kdz        Krx        Kry        Krz
    1    0    0    0    0    0    0     5.000     0.000     3.000           0          0          0          0          0          0
    2    0    0    0    0    0    0     5.000     0.000    -3.000           0          0          0          0          0          0
    3    0    0    0    0    0    0     5.000    -3.000     0.000           0          0          0          0          0          0
    4    1    1    1    0    0    0     0.000     0.000     3.000           0          0          0          0          0          0
    5    1    1    1    0    0    0     0.000     3.000     0.000           0          0          0          0          0          0
    6    1    1    1    0    0    0     0.000     0.000    -3.000           0          0          0          0          0          0

Datos de los miembros.
Mbro  Ji  Jj   Long.      Area          K        Iyy        Izz   Cixy   Cjxy   Cxy   Cixz   Cjxz   Cxz   Cn=Ct T de M     b      h
   1  -1  -2   6.00  1.000E-02  0.000E+00  8.333E-08  8.333E-04   0.00   0.00   0.00  0.00   0.00   0.00   1.00    1    0.01   1.00
   2  -1  -3   4.24  1.000E-02  0.000E+00  8.333E-08  8.333E-04   0.00   0.00   0.00  0.00   0.00   0.00   1.00    1    0.01   1.00
   3  -2  -3   4.24  1.000E-02  0.000E+00  8.333E-08  8.333E-04   0.00   0.00   0.00  0.00   0.00   0.00   1.00    1    0.01   1.00
   4  -1  -4   5.00  2.000E-02  0.000E+00  6.667E-07  1.667E-03   0.00   0.00   0.00  0.00   0.00   0.00   1.00    1    0.02   1.00
   5  -3  -4   6.56  2.000E-02  0.000E+00  6.667E-07  1.667E-03   0.00   0.00   0.00  0.00   0.00   0.00   1.00    1    0.02   1.00
   6  -1  -5   6.56  2.000E-02  0.000E+00  6.667E-07  1.667E-03   0.00   0.00   0.00  0.00   0.00   0.00   1.00    1    0.02   1.00
   7  -2  -5   6.56  2.000E-02  0.000E+00  6.667E-07  1.667E-03   0.00   0.00   0.00  0.00   0.00   0.00   1.00    1    0.02   1.00
   8  -2  -6   5.00  2.000E-02  0.000E+00  6.667E-07  1.667E-03   0.00   0.00   0.00  0.00   0.00   0.00   1.00    1    0.02   1.00
   9  -3  -6   6.56  2.000E-02  0.000E+00  6.667E-07  1.667E-03   0.00   0.00   0.00  0.00   0.00   0.00   1.00    1    0.02   1.00

Volumen =  0.869                        Peso = 2.608                        Mean BandWidth: 17.500


                                                                         Pagina  2
*************************************************************************
* BLACK MOROCOIMA INGENIERIA Y PLANIFICACION       Programa ADE1        *
* ANALISIS ESTATICO DE ESTRUCTURAS ESPACIALES. Version 3.1 Junio 2009   *
* Programaci¢n: E.F.B.S.                                                *
*************************************************************************
++++++++ Space Truss Example 2 Chapter 5: Frame Weaver & Gere book ++++++++   Date: 08-05-2009  Time: 10:45:17
First Load Case

NJC =    1  NMA =    0  NMC =    2  ATO =  0.000

CARGAS APLICADAS EN LAS JUNTAS
Junta         Fx         Fy         Fz         Mx         My         Mz
    3    240.000   -240.000    480.000      0.000      0.000      0.000

CARGAS Y VARIACIONES DE TEMPERATURA EN LOS MIEMBROS (referidas al systema local oxyx).

Miembro     1        ATO1 =    0.000 DTY=    0.000 DTZ=    0.000
Npu = 1  Wx =    0.000 Wy =  240.000 Wz =    0.000 A  =    0.000 B  =    6.000

Miembro     4        ATO1 =    0.000 DTY=    0.000 DTZ=    0.000
Npc = 1  Px =    0.000 Py = -240.000 Pz =   -0.000 A  =    2.500

FUERZAS PRIMARIAS EN LOS EXTREMOS DE LOS MIEMBROS
Miembro  Junta             N           Vy           Vz            T           My           Mz
      1      1        -0.000     -720.000        0.000       -0.000        0.000       -0.000
             2         0.000      720.000       -0.000        0.000       -0.000        0.000
      4      1        -0.000      120.000        0.000       -0.000        0.000       -0.000
             4         0.000     -120.000       -0.000        0.000       -0.000        0.000

DESPLAZAMIENTO DE LAS JUNTAS.
Junta              Dx              Dy              Dz              Rx              Ry              Rz
    1    3.031250E-03    2.088422E-02    4.435858E-03    0.000000E+00    0.000000E+00    0.000000E+00
    2    3.343750E-03    1.793822E-02    2.058581E-04    0.000000E+00    0.000000E+00    0.000000E+00
    3    1.345617E-02    2.101710E-02    4.112060E-03    0.000000E+00    0.000000E+00    0.000000E+00
    4    0.000000E+00    0.000000E+00    0.000000E+00    0.000000E+00    0.000000E+00    0.000000E+00
    5    0.000000E+00    0.000000E+00    0.000000E+00    0.000000E+00    0.000000E+00    0.000000E+00
    6    0.000000E+00    0.000000E+00    0.000000E+00    0.000000E+00    0.000000E+00    0.000000E+00

FUERZAS EN LAS SECCIONES DE LOS MIEMBROS
Miembro Junta       x          N         Vy         Vz          T         My         Mz
      1     1   0.000    564.000   -720.000      0.000     -0.000      0.000     -0.000
            2   6.000    564.000    720.000     -0.000      0.000     -0.000      0.000
      2     1   0.000     25.456      0.000      0.000     -0.000      0.000     -0.000
            3   4.243     25.456     -0.000     -0.000      0.000     -0.000      0.000
      3     2   0.000    110.309      0.000      0.000     -0.000      0.000     -0.000
            3   4.243    110.309     -0.000     -0.000      0.000     -0.000      0.000
      4     1   0.000    970.000    120.000      0.000     -0.000      0.000     -0.000
            4   5.000    970.000   -120.000     -0.000      0.000     -0.000      0.000
      5     3   0.000   -301.642      0.000      0.000     -0.000      0.000     -0.000
            4   6.557   -301.642     -0.000     -0.000      0.000     -0.000      0.000
      6     1   0.000  -1272.143      0.000      0.000     -0.000      0.000     -0.000
            5   6.557  -1272.143     -0.000     -0.000      0.000     -0.000      0.000
      7     2   0.000  -1403.292      0.000      0.000     -0.000      0.000     -0.000
            5   6.557  -1403.292     -0.000     -0.000      0.000     -0.000      0.000

                                                                         Pagina  3
*************************************************************************
* BLACK MOROCOIMA INGENIERIA Y PLANIFICACION       Programa ADE1        *
* ANALISIS ESTATICO DE ESTRUCTURAS ESPACIALES. Version 3.1 Junio 2009   *
* Programaci¢n: E.F.B.S.                                                *
*************************************************************************
++++++++ Space Truss Example 2 Chapter 5: Frame Weaver & Gere book ++++++++   Date: 08-05-2009  Time: 10:45:17
First Load Case

FUERZAS EN LAS SECCIONES DE LOS MIEMBROS
Miembro Junta       x          N         Vy         Vz          T         My         Mz
      8     2   0.000   1070.000      0.000      0.000     -0.000      0.000     -0.000
            6   5.000   1070.000     -0.000     -0.000      0.000     -0.000      0.000
      9     3   0.000    616.399      0.000      0.000     -0.000      0.000     -0.000
            6   6.557    616.399     -0.000     -0.000      0.000     -0.000      0.000

CARGAS Y/O REACCIONES EN LAS JUNTAS
Junta          FX          FY          FZ          MX          MY          MZ
    1     -0.0000      0.0000      0.0000      0.0000      0.0000      0.0000
    2     -0.0000      0.0000      0.0000      0.0000      0.0000      0.0000
    3    240.0000   -240.0000    480.0000      0.0000      0.0000      0.0000
    4   -740.0000    -18.0000   -138.0000      0.0000      0.0000      0.0000
    5   2040.0000  -1224.0000    -60.0000      0.0000      0.0000      0.0000
    6  -1540.0000    282.0000   -282.0000      0.0000      0.0000      0.0000
Time running 0.00  sec. 
