
                                                                         Pagina  1
*************************************************************************
* BLACK MOROCOIMA INGENIERIA Y PLANIFICACION       Programa ADE1        *
* ANALISIS ESTATICO DE ESTRUCTURAS ESPACIALES. Version 3.1 Junio 2009   *
* Programaci¢n: E.F.B.S.                                                *
*************************************************************************
++++++++ Plane Frame Example  Chapter 5: 2D Frame Weaver & Gere book ++++++++   Date: 08-05-2009  Time: 10:45:17

N=  4         JO=  2          M=  3       NCAS=  1       NMAT=  1       NHIP=  0      NHIPR=  0

Propiedades de los tipos de materiales.
Tipo        E             G             Ct            Peso
1       7e+07             1              2               3

Datos de las Juntas.
Junta  Rdx  Rdy  Rdz  Rrx  Rry  Rrz         X         Y         Z         Kdx        Kdy        Kdz        Krx        Kry        Krz
    1    1    1    1    1    1    1     0.000     0.000     0.000           0          0          0          0          0          0
    2    0    0    1    1    1    0     3.000     4.000     0.000           0          0          0          0          0          0
    3    0    0    1    1    1    0     9.000     5.000     0.000           0          0          0          0          0          0
    4    1    1    1    1    1    0    11.000     1.000     0.000           0          0          0          0          0          0

Datos de los miembros.
Mbro  Ji  Jj   Long.      Area          K        Iyy        Izz   Cixy   Cjxy   Cxy   Cixz   Cjxz   Cxz   Cn=Ct T de M     b      h
   1   1   2   5.00  2.000E-02  0.000E+00  0.000E+00  3.000E-03   4.00   4.00   2.00  4.00   4.00   2.00   1.00    1
   2   2   3   6.08  2.000E-02  0.000E+00  0.000E+00  3.000E-03   4.00   4.00   2.00  4.00   4.00   2.00   1.00    1
   3   3   4   4.47  2.000E-02  0.000E+00  0.000E+00  3.000E-03   4.00   4.00   2.00  4.00   4.00   2.00   1.00    1

Volumen =  0.311                        Peso = 0.933                        Mean BandWidth: 8.000


                                                                         Pagina  2
*************************************************************************
* BLACK MOROCOIMA INGENIERIA Y PLANIFICACION       Programa ADE1        *
* ANALISIS ESTATICO DE ESTRUCTURAS ESPACIALES. Version 3.1 Junio 2009   *
* Programaci¢n: E.F.B.S.                                                *
*************************************************************************
++++++++ Plane Frame Example  Chapter 5: 2D Frame Weaver & Gere book ++++++++   Date: 08-05-2009  Time: 10:45:17
First Load Case

NJC =    2  NMA =    0  NMC =    1  ATO =  0.000

CARGAS APLICADAS EN LAS JUNTAS
Junta         Fx         Fy         Fz         Mx         My         Mz
    2      0.000   -100.000      0.000      0.000      0.000      0.000
    3    100.000    200.000      0.000      0.000      0.000   -150.000

CARGAS Y VARIACIONES DE TEMPERATURA EN LOS MIEMBROS (referidas al systema local oxyx).

Miembro     1        ATO1 =    0.000 DTY=    0.000 DTZ=    0.000
Npu = 1  Wx =    0.000 Wy =  -48.000 Wz =    0.000 A  =    0.000 B  =    5.000

FUERZAS PRIMARIAS EN LOS EXTREMOS DE LOS MIEMBROS
Miembro  Junta             N           Vy           Vz            T           My           Mz
      1      1        -0.000      120.000        0.000       -0.000        0.000     -100.000
             2         0.000     -120.000       -0.000        0.000       -0.000     -100.000

DESPLAZAMIENTO DE LAS JUNTAS.
Junta              Dx              Dy              Dz              Rx              Ry              Rz
    1    0.000000E+00    0.000000E+00    0.000000E+00    0.000000E+00    0.000000E+00    0.000000E+00
    2    7.367934E-03   -5.191992E-03    0.000000E+00    0.000000E+00    0.000000E+00   -1.335275E-04
    3    6.410223E-03    3.420730E-03    0.000000E+00    0.000000E+00    0.000000E+00   -2.685053E-04
    4    0.000000E+00    0.000000E+00    0.000000E+00    0.000000E+00    0.000000E+00   -2.301924E-03

FUERZAS EN LAS SECCIONES DE LOS MIEMBROS
Miembro Junta       x          N         Vy         Vz          T         My         Mz
      1     1   0.000     74.807    294.903      0.000     -0.000      0.000   -542.865
            2   5.000     74.807     54.903     -0.000      0.000     -0.000    331.648
      2     2   0.000    108.461   -110.577      0.000     -0.000      0.000    331.648
            3   6.083    108.461   -110.577     -0.000      0.000     -0.000   -340.968
      3     3   0.000     60.373     42.702      0.000     -0.000      0.000   -190.968
            4   4.472     60.373     42.702     -0.000      0.000     -0.000     -0.000

CARGAS Y/O REACCIONES EN LAS JUNTAS
Junta          FX          FY          FZ          MX          MY          MZ
    1   -280.8061    117.0962      0.0000      0.0000      0.0000    542.8646
    2     -0.0000   -100.0000      0.0000      0.0000      0.0000      0.0000
    3    100.0000    200.0000      0.0000      0.0000      0.0000   -150.0000
    4    -11.1939    -73.0962      0.0000      0.0000      0.0000     -0.0000
Time running 0.00  sec. 
