
                                                                         Pagina  1
*************************************************************************
* BLACK MOROCOIMA INGENIERIA Y PLANIFICACION       Programa ADE1        *
* ANALISIS ESTATICO DE ESTRUCTURAS ESPACIALES. Version 3.1 Junio 2009   *
* Programaci¢n: E.F.B.S.                                                *
*************************************************************************
++++++++ Grid Problem: Grid Example of CE398 Course ++++++++   Date: 08-05-2009  Time: 10:45:17

N=  5         JO=  4          M=  4       NCAS=  1       NMAT=  1       NHIP=  0      NHIPR=  0

Propiedades de los tipos de materiales.
Tipo        E             G             Ct            Peso
1       30000         11538        6.5e-06      0.00028356

Datos de las Juntas.
Junta  Rdx  Rdy  Rdz  Rrx  Rry  Rrz         X         Y         Z         Kdx        Kdy        Kdz        Krx        Kry        Krz
    1    1    1    1    1    1    1     0.000     0.000     0.000           0          0          0          0          0          0
    2    1    1    1    1    1    1   240.000     0.000     0.000           0          0          0          0          0          0
    3    1    1    1    1    1    1   120.000  -144.000     0.000           0          0          0          0          0          0
    4    1    1    1    1    1    1   120.000   144.000     0.000           0          0          0          0          0          0
    5    1    1    0    0    0    1   120.000     0.000     0.000           0          0          0          0          0          0

Datos de los miembros.
Mbro  Ji  Jj   Long.      Area          K        Iyy        Izz   Cixy   Cjxy   Cxy   Cixz   Cjxz   Cxz   Cn=Ct T de M     b      h
   1   1   5 120.00  0.000E+00  5.580E+02  2.790E+02  0.000E+00   4.00   4.00   2.00  4.00   4.00   2.00   1.00    1
   2   2   5 120.00  0.000E+00  5.580E+02  2.790E+02  0.000E+00   4.00   4.00   2.00  4.00   4.00   2.00   1.00    1
   3   3   5 144.00  0.000E+00  5.580E+02  2.790E+02  0.000E+00   4.00   4.00   2.00  4.00   4.00   2.00   1.00    1
   4   4   5 144.00  0.000E+00  5.580E+02  2.790E+02  0.000E+00   4.00   4.00   2.00  4.00   4.00   2.00   1.00    1

Volumen =  0.000                        Peso = 0.000                        Mean BandWidth: 8.300


                                                                         Pagina  2
*************************************************************************
* BLACK MOROCOIMA INGENIERIA Y PLANIFICACION       Programa ADE1        *
* ANALISIS ESTATICO DE ESTRUCTURAS ESPACIALES. Version 3.1 Junio 2009   *
* Programaci¢n: E.F.B.S.                                                *
*************************************************************************
++++++++ Grid Problem: Grid Example of CE398 Course ++++++++   Date: 08-05-2009  Time: 10:45:17
First Load Case

NJC =    0  NMA =    0  NMC =    1  ATO =  0.000

CARGAS Y VARIACIONES DE TEMPERATURA EN LOS MIEMBROS (referidas al systema local oxyx).

Miembro     1        ATO1 =    0.000 DTY=    0.000 DTZ=    0.000
Npc = 1  Px =    0.000 Py =    0.000 Pz =   -5.000 A  =   60.000

FUERZAS PRIMARIAS EN LOS EXTREMOS DE LOS MIEMBROS
Miembro  Junta             N           Vy           Vz            T           My           Mz
      1      1        -0.000        0.000        2.500       -0.000      -75.000       -0.000
             5         0.000       -0.000       -2.500        0.000      -75.000        0.000

DESPLAZAMIENTO DE LAS JUNTAS.
Junta              Dx              Dy              Dz              Rx              Ry              Rz
    1    0.000000E+00    0.000000E+00    0.000000E+00    0.000000E+00    0.000000E+00    0.000000E+00
    2    0.000000E+00    0.000000E+00    0.000000E+00    0.000000E+00    0.000000E+00    0.000000E+00
    3    0.000000E+00    0.000000E+00    0.000000E+00    0.000000E+00    0.000000E+00    0.000000E+00
    4    0.000000E+00    0.000000E+00    0.000000E+00    0.000000E+00    0.000000E+00    0.000000E+00
    5    0.000000E+00    0.000000E+00   -1.362217E-02    0.000000E+00   -1.158445E-04    0.000000E+00

FUERZAS EN LAS SECCIONES DE LOS MIEMBROS
Miembro Junta       x          N         Vy         Vz          T         My         Mz
      1     1   0.000     -0.000      0.000      3.696     -0.000   -138.668     -0.000
            5 120.000      0.000     -0.000     -1.304      0.000      4.828      0.000
      2     2   0.000     -0.000      0.000     -0.388     -0.000     31.347     -0.000
            5 120.000      0.000     -0.000     -0.388      0.000    -15.187      0.000
      3     3   0.000     -0.000      0.000      0.458     -5.179    -32.991     -0.000
            5 144.000      0.000     -0.000      0.458     -5.179     32.991      0.000
      4     4   0.000     -0.000      0.000      0.458      5.179    -32.991     -0.000
            5 144.000      0.000     -0.000      0.458      5.179     32.991      0.000

CARGAS Y/O REACCIONES EN LAS JUNTAS
Junta          FX          FY          FZ          MX          MY          MZ
    1      0.0000      0.0000      3.6958      0.0000   -138.6676      0.0000
    2      0.0000      0.0000      0.3878      0.0000     31.3470      0.0000
    3      0.0000      0.0000      0.4582     32.9912      5.1794      0.0000
    4      0.0000      0.0000      0.4582    -32.9912      5.1794      0.0000
    5      0.0000      0.0000     -0.0000      0.0000     -0.0000      0.0000
Time running 0.00  sec. 
