
                                                                         Pagina  1
*************************************************************************
* BLACK MOROCOIMA INGENIERIA Y PLANIFICACION       Programa ADE1        *
* ANALISIS ESTATICO DE ESTRUCTURAS ESPACIALES. Version 3.1 Junio 2009   *
* Programaci¢n: E.F.B.S.                                                *
*************************************************************************
++++++++ 3D Problem: Lab 10 Orthogonal Space Frame of CE398 Course ++++++++   Date: 08-05-2009  Time: 10:45:17

N=  8         JO=  4          M=  8       NCAS=  1       NMAT=  1       NHIP=  0      NHIPR=  0

Propiedades de los tipos de materiales.
Tipo        E             G             Ct            Peso
1       30000       11538.5        6.5e-06      0.00028356

Datos de las Juntas.
Junta  Rdx  Rdy  Rdz  Rrx  Rry  Rrz         X         Y         Z         Kdx        Kdy        Kdz        Krx        Kry        Krz
    1    1    1    1    1    1    1     0.000     0.000     0.000           0          0          0          0          0          0
    2    1    1    1    1    1    1   216.000     0.000     0.000           0          0          0          0          0          0
    3    1    1    1    1    1    1     0.000   216.000     0.000           0          0          0          0          0          0
    4    1    1    1    1    1    1   216.000   216.000     0.000           0          0          0          0          0          0
    5    0    0    0    0    0    0     0.000     0.000   144.000           0          0          0          0          0          0
    6    0    0    0    0    0    0   216.000     0.000   144.000           0          0          0          0          0          0
    7    0    0    0    0    0    0     0.000   216.000   144.000           0          0          0          0          0          0
    8    0    0    0    0    0    0   216.000   216.000   144.000           0          0          0          0          0          0

Datos de los miembros.
Mbro  Ji  Jj   Long.      Area          K        Iyy        Izz   Cixy   Cjxy   Cxy   Cixz   Cjxz   Cxz   Cn=Ct T de M     b      h
   1   5   6 216.00  1.330E+01  1.510E+00  5.340E+01  2.480E+02   4.00   4.00   2.00  4.00   4.00   2.00   1.00    1
   2   7   8 216.00  1.330E+01  1.510E+00  5.340E+01  2.480E+02   4.00   4.00   2.00  4.00   4.00   2.00   1.00    1
   3   5   7 216.00  1.330E+01  1.510E+00  5.340E+01  2.480E+02   4.00   4.00   2.00  4.00   4.00   2.00   1.00    1
   4   6   8 216.00  1.330E+01  1.510E+00  5.340E+01  2.480E+02   4.00   4.00   2.00  4.00   4.00   2.00   1.00    1
   5   1   5 144.00  1.700E+01  2.100E+00  1.070E+02  4.750E+02   4.00   4.00   2.00  4.00   4.00   2.00   1.00    1
   6   2   6 144.00  1.700E+01  2.100E+00  1.070E+02  4.750E+02   4.00   4.00   2.00  4.00   4.00   2.00   1.00    1
   7   3   7 144.00  1.700E+01  2.100E+00  1.070E+02  4.750E+02   4.00   4.00   2.00  4.00   4.00   2.00   1.00    1
   8   4   8 144.00  1.700E+01  2.100E+00  1.070E+02  4.750E+02   4.00   4.00   2.00  4.00   4.00   2.00   1.00    1

Volumen = 21283.200                        Peso = 6.035                        Mean BandWidth: 15.500


                                                                         Pagina  2
*************************************************************************
* BLACK MOROCOIMA INGENIERIA Y PLANIFICACION       Programa ADE1        *
* ANALISIS ESTATICO DE ESTRUCTURAS ESPACIALES. Version 3.1 Junio 2009   *
* Programaci¢n: E.F.B.S.                                                *
*************************************************************************
++++++++ 3D Problem: Lab 10 Orthogonal Space Frame of CE398 Course ++++++++   Date: 08-05-2009  Time: 10:45:17
First Load Case

NJC =    1  NMA =    0  NMC =    0  ATO =  0.000

CARGAS APLICADAS EN LAS JUNTAS
Junta         Fx         Fy         Fz         Mx         My         Mz
    5    400.000      0.000      0.000      0.000      0.000      0.000


DESPLAZAMIENTO DE LAS JUNTAS.
Junta              Dx              Dy              Dz              Rx              Ry              Rz
    1    0.000000E+00    0.000000E+00    0.000000E+00    0.000000E+00    0.000000E+00    0.000000E+00
    2    0.000000E+00    0.000000E+00    0.000000E+00    0.000000E+00    0.000000E+00    0.000000E+00
    3    0.000000E+00    0.000000E+00    0.000000E+00    0.000000E+00    0.000000E+00    0.000000E+00
    4    0.000000E+00    0.000000E+00    0.000000E+00    0.000000E+00    0.000000E+00    0.000000E+00
    5    6.767541E+00   -5.170049E-01    2.384980E-02    1.550311E-03    4.649317E-02    1.766536E-02
    6    6.659887E+00    5.170049E-01   -2.384980E-02   -1.550311E-03    4.553818E-02    1.729266E-02
    7    1.825222E-01   -5.170049E-01    1.566343E-03    1.550311E-03    1.260171E-03    1.766536E-02
    8    1.825081E-01    5.170049E-01   -1.566343E-03   -1.550311E-03    1.259880E-03    1.729266E-02

FUERZAS EN LAS SECCIONES DE LOS MIEMBROS
Miembro Junta       x          N         Vy         Vz          T         My         Mz
      1     5   0.000   -198.860    -87.632     -5.230     -0.250    567.555   9497.162
            6 216.000   -198.860    -87.632     -5.230     -0.250   -562.027  -9431.373
      2     7   0.000     -0.026     -2.383     -5.230     -0.250    567.555    257.418
            8 216.000     -0.026     -2.383     -5.230     -0.250   -562.027   -257.398
      3     5   0.000     -0.000      3.164      5.283     -3.649   -570.527   -341.718
            7 216.000      0.000      3.164      5.283     -3.649    570.527    341.718
      4     6   0.000     -0.000     -3.164      5.231     -3.572   -564.937    341.718
            8 216.000      0.000     -3.164      5.231     -3.572    564.937   -341.718
      5     1   0.000     84.468   -195.857      5.230      2.973   -411.086  18702.584
            5 144.000     84.468   -195.857      5.230      2.973    341.968  -9500.810
      6     2   0.000    -84.468   -193.630     -5.230      2.910    411.086  18447.709
            6 144.000    -84.468   -193.630     -5.230      2.910   -341.968  -9434.945
      7     3   0.000      5.547     -5.257      5.230      2.973   -411.086    503.178
            7 144.000      5.547     -5.257      5.230      2.973    341.968   -253.769
      8     4   0.000     -5.547     -5.257     -5.230      2.910    411.086    503.178
            8 144.000     -5.547     -5.257     -5.230      2.910   -341.968   -253.826

CARGAS Y/O REACCIONES EN LAS JUNTAS
Junta          FX          FY          FZ          MX          MY          MZ
    1   -195.8569      5.2295    -84.4680   -411.0862 -18702.5841     -2.9725
    2   -193.6295     -5.2295     84.4680    411.0862 -18447.7088     -2.9098
    3     -5.2566      5.2295     -5.5475   -411.0862   -503.1784     -2.9725
    4     -5.2570     -5.2295      5.5475    411.0862   -503.1777     -2.9098
    5    400.0000      0.0000     -0.0000      0.0000      0.0000      0.0000
    6     -0.0000     -0.0000     -0.0000     -0.0000      0.0000     -0.0000
    7      0.0000      0.0000      0.0000      0.0000      0.0000      0.0000

                                                                         Pagina  3
*************************************************************************
* BLACK MOROCOIMA INGENIERIA Y PLANIFICACION       Programa ADE1        *
* ANALISIS ESTATICO DE ESTRUCTURAS ESPACIALES. Version 3.1 Junio 2009   *
* Programaci¢n: E.F.B.S.                                                *
*************************************************************************
++++++++ 3D Problem: Lab 10 Orthogonal Space Frame of CE398 Course ++++++++   Date: 08-05-2009  Time: 10:45:17
First Load Case

CARGAS Y/O REACCIONES EN LAS JUNTAS
Junta          FX          FY          FZ          MX          MY          MZ
    8     -0.0000     -0.0000      0.0000      0.0000      0.0000      0.0000
Time running 0.00  sec. 
