
                                                                         Pagina  1
*************************************************************************
* BLACK MOROCOIMA INGENIERIA Y PLANIFICACION       Programa ADE1        *
* ANALISIS ESTATICO DE ESTRUCTURAS ESPACIALES. Version 3.1 Junio 2009   *
* Programaci¢n: E.F.B.S.                                                *
*************************************************************************
++++++++ Continus Beam, Example 1, Chapter 5 of Truss Weaver & Gere book ++++++++   Date: 08-05-2009  Time: 10:45:17

N=  4         JO=  3          M=  3       NCAS=  1       NMAT=  1       NHIP=  0      NHIPR=  0

Propiedades de los tipos de materiales.
Tipo        E             G             Ct            Peso
1       10000          3846              1               1

Datos de las Juntas.
Junta  Rdx  Rdy  Rdz  Rrx  Rry  Rrz         X         Y         Z         Kdx        Kdy        Kdz        Krx        Kry        Krz
    1    1    1    1    1    1    1     0.000     0.000     0.000           0          0          0          0          0          0
    2    0    0    1    1    1    0   100.000     0.000     0.000           0          0          0          0          0          0
    3    0    1    1    1    1    0   200.000     0.000     0.000           0          0          0          0          0          0
    4    1    1    1    1    1    1   400.000     0.000     0.000           0          0          0          0          0          0

Datos de los miembros.
Mbro  Ji  Jj   Long.      Area          K        Iyy        Izz   Cixy   Cjxy   Cxy   Cixz   Cjxz   Cxz   Cn=Ct T de M     b      h
   1   1   2 100.00  0.000E+00  0.000E+00  0.000E+00  1.000E+03   4.00   4.00   2.00  4.00   4.00   2.00   1.00    1
   2   2   3 100.00  0.000E+00  0.000E+00  0.000E+00  2.000E+03   4.00   4.00   2.00  4.00   4.00   2.00   1.00    1
   3   3   4 200.00  0.000E+00  0.000E+00  0.000E+00  2.000E+03   4.00   4.00   2.00  4.00   4.00   2.00   1.00    1

Volumen =  0.000                        Peso = 0.000                        Mean BandWidth: 8.000


                                                                         Pagina  2
*************************************************************************
* BLACK MOROCOIMA INGENIERIA Y PLANIFICACION       Programa ADE1        *
* ANALISIS ESTATICO DE ESTRUCTURAS ESPACIALES. Version 3.1 Junio 2009   *
* Programaci¢n: E.F.B.S.                                                *
*************************************************************************
++++++++ Continus Beam, Example 1, Chapter 5 of Truss Weaver & Gere book ++++++++   Date: 08-05-2009  Time: 10:45:17
Load Case

NJC =    2  NMA =    0  NMC =    3  ATO =  0.000

CARGAS APLICADAS EN LAS JUNTAS
Junta         Fx         Fy         Fz         Mx         My         Mz
    2      0.000    -10.000      0.000      0.000      0.000   1000.000
    3      0.000    -10.000      0.000      0.000      0.000      0.000

CARGAS Y VARIACIONES DE TEMPERATURA EN LOS MIEMBROS (referidas al systema local oxyx).

Miembro     1        ATO1 =    0.000 DTY=    0.000 DTZ=    0.000
Npc = 1  Px =    0.000 Py =  -20.000 Pz =    0.000 A  =   50.000

Miembro     2        ATO1 =    0.000 DTY=    0.000 DTZ=    0.000
Npc = 1  Px =    0.000 Py =  -20.000 Pz =    0.000 A  =   50.000

Miembro     3        ATO1 =    0.000 DTY=    0.000 DTZ=    0.000
Npu = 1  Wx =    0.000 Wy =   -0.100 Wz =    0.000 A  =    0.000 B  =  200.000

FUERZAS PRIMARIAS EN LOS EXTREMOS DE LOS MIEMBROS
Miembro  Junta             N           Vy           Vz            T           My           Mz
      1      1        -0.000       10.000        0.000       -0.000        0.000     -250.000
             2         0.000      -10.000       -0.000        0.000       -0.000     -250.000
      2      2        -0.000       10.000        0.000       -0.000        0.000     -250.000
             3         0.000      -10.000       -0.000        0.000       -0.000     -250.000
      3      3        -0.000       10.000        0.000       -0.000        0.000     -333.333
             4         0.000      -10.000       -0.000        0.000       -0.000     -333.333

DESPLAZAMIENTO DE LAS JUNTAS.
Junta              Dx              Dy              Dz              Rx              Ry              Rz
    1    0.000000E+00    0.000000E+00    0.000000E+00    0.000000E+00    0.000000E+00    0.000000E+00
    2    0.000000E+00   -1.316138E-01    0.000000E+00    0.000000E+00    0.000000E+00    1.210317E-03
    3    0.000000E+00    0.000000E+00    0.000000E+00    0.000000E+00    0.000000E+00    8.432540E-04
    4    0.000000E+00    0.000000E+00    0.000000E+00    0.000000E+00    0.000000E+00    0.000000E+00

FUERZAS EN LAS SECCIONES DE LOS MIEMBROS
Miembro Junta       x          N         Vy         Vz          T         My         Mz
      1     1   0.000     -0.000     33.056      0.000     -0.000      0.000  -1281.746
            2 100.000      0.000     13.056     -0.000      0.000     -0.000   1023.810
      2     2   0.000     -0.000      3.056      0.000     -0.000      0.000     23.810
            3 100.000      0.000    -16.944     -0.000      0.000     -0.000   -670.635
      3     3   0.000     -0.000     12.530      0.000     -0.000      0.000   -670.635
            4 200.000      0.000     -7.470     -0.000      0.000     -0.000   -164.683


                                                                         Pagina  3
*************************************************************************
* BLACK MOROCOIMA INGENIERIA Y PLANIFICACION       Programa ADE1        *
* ANALISIS ESTATICO DE ESTRUCTURAS ESPACIALES. Version 3.1 Junio 2009   *
* Programaci¢n: E.F.B.S.                                                *
*************************************************************************
++++++++ Continus Beam, Example 1, Chapter 5 of Truss Weaver & Gere book ++++++++   Date: 08-05-2009  Time: 10:45:17
Load Case

CARGAS Y/O REACCIONES EN LAS JUNTAS
Junta          FX          FY          FZ          MX          MY          MZ
    1      0.0000     33.0556      0.0000      0.0000      0.0000   1281.7460
    2      0.0000    -10.0000      0.0000      0.0000      0.0000   1000.0000
    3      0.0000     39.4742      0.0000      0.0000      0.0000     -0.0000
    4      0.0000      7.4702      0.0000      0.0000      0.0000   -164.6825
Time running 0.00  sec. 
