
                                                                         Pagina  1
*************************************************************************
* BLACK MOROCOIMA INGENIERIA Y PLANIFICACION       Programa ADE1        *
* ANALISIS ESTATICO DE ESTRUCTURAS ESPACIALES. Version 3.1 Junio 2009   *
* Programaci¢n: E.F.B.S.                                                *
*************************************************************************
++++++++ Grid Problem: Lab 10 2D Grid of CE398 Course ++++++++   Date: 08-05-2009  Time: 10:45:17

N=  8         JO=  5          M=  8       NCAS=  1       NMAT=  1       NHIP=  0      NHIPR=  0

Propiedades de los tipos de materiales.
Tipo        E             G             Ct            Peso
1       30000         11538        6.5e-06      0.00028356

Datos de las Juntas.
Junta  Rdx  Rdy  Rdz  Rrx  Rry  Rrz         X         Y         Z         Kdx        Kdy        Kdz        Krx        Kry        Krz
    1    1    1    1    1    1    1   120.000     0.000     0.000           0          0          0          0          0          0
    2    1    1    1    1    1    1   240.000     0.000     0.000           0          0          0          0          0          0
    3    1    1    1    1    1    1     0.000   120.000     0.000           0          0          0          0          0          0
    4    1    1    0    0    0    1   120.000   120.000     0.000           0          0          0          0          0          0
    5    1    1    0    0    0    1   240.000   120.000     0.000           0          0          0          0          0          0
    6    1    1    1    1    1    1     0.000   240.000     0.000           0          0          0          0          0          0
    7    1    1    0    0    0    1   120.000   240.000     0.000           0          0          0          0          0          0
    8    1    1    0    0    0    1   240.000   240.000     0.000           0          0       2975          0          0          0

Datos de los miembros.
Mbro  Ji  Jj   Long.      Area          K        Iyy        Izz   Cixy   Cjxy   Cxy   Cixz   Cjxz   Cxz   Cn=Ct T de M     b      h
   1   3   4 120.00  1.190E+01  3.220E+02  1.610E+02  1.610E+02   4.00   4.00   2.00  4.00   4.00   2.00   1.00    1
   2   4   5 120.00  1.190E+01  3.220E+02  1.610E+02  1.610E+02   4.00   4.00   2.00  4.00   4.00   2.00   1.00    1
   3   6   7 120.00  1.190E+01  3.220E+02  1.610E+02  1.610E+02   4.00   4.00   2.00  4.00   4.00   2.00   1.00    1
   4   7   8 120.00  1.190E+01  3.220E+02  1.610E+02  1.610E+02   4.00   4.00   2.00  4.00   4.00   2.00   1.00    1
   5   1   4 120.00  1.190E+01  3.220E+02  1.610E+02  1.610E+02   4.00   4.00   2.00  4.00   4.00   2.00   1.00    1
   6   4   7 120.00  1.190E+01  3.220E+02  1.610E+02  1.610E+02   4.00   4.00   2.00  4.00   4.00   2.00   1.00    1
   7   2   5 120.00  1.190E+01  3.220E+02  1.610E+02  1.610E+02   4.00   4.00   2.00  4.00   4.00   2.00   1.00    1
   8   5   8 120.00  1.190E+01  3.220E+02  1.610E+02  1.610E+02   4.00   4.00   2.00  4.00   4.00   2.00   1.00    1

Volumen = 11424.000                        Peso = 3.239                        Mean BandWidth: 12.500


                                                                         Pagina  2
*************************************************************************
* BLACK MOROCOIMA INGENIERIA Y PLANIFICACION       Programa ADE1        *
* ANALISIS ESTATICO DE ESTRUCTURAS ESPACIALES. Version 3.1 Junio 2009   *
* Programaci¢n: E.F.B.S.                                                *
*************************************************************************
++++++++ Grid Problem: Lab 10 2D Grid of CE398 Course ++++++++   Date: 08-05-2009  Time: 10:45:17
First Load Case

NJC =    4  NMA =    0  NMC =    0  ATO =  0.000

CARGAS APLICADAS EN LAS JUNTAS
Junta         Fx         Fy         Fz         Mx         My         Mz
    4      0.000      0.000    -20.000      0.000      0.000      0.000
    5      0.000      0.000    -10.000      0.000      0.000      0.000
    7      0.000      0.000    -10.000      0.000      0.000      0.000
    8      0.000      0.000     -5.000      0.000      0.000      0.000


DESPLAZAMIENTO DE LAS JUNTAS.
Junta              Dx              Dy              Dz              Rx              Ry              Rz
    1    0.000000E+00    0.000000E+00    0.000000E+00    0.000000E+00    0.000000E+00    0.000000E+00
    2    0.000000E+00    0.000000E+00    0.000000E+00    0.000000E+00    0.000000E+00    0.000000E+00
    3    0.000000E+00    0.000000E+00    0.000000E+00    0.000000E+00    0.000000E+00    0.000000E+00
    4    0.000000E+00    0.000000E+00   -3.508855E-01   -2.022848E-03    2.022848E-03    0.000000E+00
    5    0.000000E+00    0.000000E+00   -3.006677E-01   -1.077904E-03   -1.716112E-03    0.000000E+00
    6    0.000000E+00    0.000000E+00    0.000000E+00    0.000000E+00    0.000000E+00    0.000000E+00
    7    0.000000E+00    0.000000E+00   -3.006677E-01    1.716112E-03    1.077904E-03    0.000000E+00
    8    0.000000E+00    0.000000E+00   -4.629298E-03    3.832459E-03   -3.832459E-03    0.000000E+00

FUERZAS EN LAS SECCIONES DE LOS MIEMBROS
Miembro Junta       x          N         Vy         Vz          T         My         Mz
      1     3   0.000     -0.000      0.000      7.698    -62.628   -543.318     -0.000
               30.000      0.000      0.000      7.698    -62.628   -312.369      0.000
               60.000      0.000      0.000      7.698    -62.628    -81.420      0.000
               90.000      0.000      0.000      7.698    -62.628    149.529      0.000
            4 120.000      0.000     -0.000      7.698    -62.628    380.479      0.000
      2     4   0.000     -0.000      0.000     -2.302     29.256    288.595     -0.000
               30.000      0.000      0.000     -2.302     29.256    219.544      0.000
               60.000      0.000      0.000     -2.302     29.256    150.493      0.000
               90.000      0.000      0.000     -2.302     29.256     81.442      0.000
            5 120.000      0.000     -0.000     -2.302     29.256     12.391      0.000
      3     6   0.000     -0.000      0.000      7.916     53.131   -518.323     -0.000
               30.000      0.000      0.000      7.916     53.131   -280.854      0.000
               60.000      0.000      0.000      7.916     53.131    -43.386      0.000
               90.000      0.000      0.000      7.916     53.131    194.083      0.000
            7 120.000      0.000     -0.000      7.916     53.131    431.551      0.000
      4     7   0.000     -0.000      0.000     -4.386     65.523    460.807     -0.000
               30.000      0.000      0.000     -4.386     65.523    329.225      0.000
               60.000      0.000      0.000     -4.386     65.523    197.642      0.000
               90.000      0.000      0.000     -4.386     65.523     66.060      0.000
            8 120.000      0.000     -0.000     -4.386     65.523    -65.523      0.000

                                                                         Pagina  3
*************************************************************************
* BLACK MOROCOIMA INGENIERIA Y PLANIFICACION       Programa ADE1        *
* ANALISIS ESTATICO DE ESTRUCTURAS ESPACIALES. Version 3.1 Junio 2009   *
* Programaci¢n: E.F.B.S.                                                *
*************************************************************************
++++++++ Grid Problem: Lab 10 2D Grid of CE398 Course ++++++++   Date: 08-05-2009  Time: 10:45:17
First Load Case

FUERZAS EN LAS SECCIONES DE LOS MIEMBROS
Miembro Junta       x          N         Vy         Vz          T         My         Mz
      5     1   0.000     -0.000      0.000      7.698     62.628   -543.318     -0.000
               30.000      0.000      0.000      7.698     62.628   -312.369      0.000
               60.000      0.000      0.000      7.698     62.628    -81.420      0.000
               90.000      0.000      0.000      7.698     62.628    149.529      0.000
            4 120.000      0.000     -0.000      7.698     62.628    380.479      0.000
      6     4   0.000     -0.000      0.000     -2.302    -29.256    288.595     -0.000
               30.000      0.000      0.000     -2.302    -29.256    219.544      0.000
               60.000      0.000      0.000     -2.302    -29.256    150.493      0.000
               90.000      0.000      0.000     -2.302    -29.256     81.442      0.000
            7 120.000      0.000     -0.000     -2.302    -29.256     12.391      0.000
      7     2   0.000     -0.000      0.000      7.916    -53.131   -518.323     -0.000
               30.000      0.000      0.000      7.916    -53.131   -280.854      0.000
               60.000      0.000      0.000      7.916    -53.131    -43.386      0.000
               90.000      0.000      0.000      7.916    -53.131    194.083      0.000
            5 120.000      0.000     -0.000      7.916    -53.131    431.551      0.000
      8     5   0.000     -0.000      0.000     -4.386    -65.523    460.807     -0.000
               30.000      0.000      0.000     -4.386    -65.523    329.225      0.000
               60.000      0.000      0.000     -4.386    -65.523    197.642      0.000
               90.000      0.000      0.000     -4.386    -65.523     66.060      0.000
            8 120.000      0.000     -0.000     -4.386    -65.523    -65.523      0.000

CARGAS Y/O REACCIONES EN LAS JUNTAS
Junta          FX          FY          FZ          MX          MY          MZ
    1      0.0000      0.0000      7.6983    543.3179    -62.6280      0.0000
    2      0.0000      0.0000      7.9156    518.3225     53.1313      0.0000
    3      0.0000      0.0000      7.6983     62.6280   -543.3179      0.0000
    4      0.0000      0.0000    -20.0000     -0.0000     -0.0000      0.0000
    5      0.0000      0.0000    -10.0000      0.0000     -0.0000      0.0000
    6      0.0000      0.0000      7.9156    -53.1313   -518.3225      0.0000
    7      0.0000      0.0000    -10.0000     -0.0000      0.0000      0.0000
    8      0.0000      0.0000     13.7722      0.0000     -0.0000      0.0000
Time running 0.00  sec. 
