
                                                                         Pagina  1
*************************************************************************
* BLACK MOROCOIMA INGENIERIA Y PLANIFICACION       Programa ADE1        *
* ANALISIS ESTATICO DE ESTRUCTURAS ESPACIALES. Version 3.1 Junio 2009   *
* Programaci¢n: E.F.B.S.                                                *
*************************************************************************
++++++++ 2D Frame Isostatic Problem: Example 7.5 in DaDeppo book ++++++++   Date: 08-05-2009  Time: 10:45:17

N=  5         JO=  2          M=  4       NCAS=  1       NMAT=  1       NHIP=  0      NHIPR=  0

Propiedades de los tipos de materiales.
Tipo        E             G             Ct            Peso
1       2e+08    7.6923e+07          1e-05           76990

Datos de las Juntas.
Junta  Rdx  Rdy  Rdz  Rrx  Rry  Rrz         X         Y         Z         Kdx        Kdy        Kdz        Krx        Kry        Krz
    1    1    1    1    1    1    0     0.000     0.000     0.000           0          0          0          0          0          0
    2    0    0    1    1    1    0     9.000    12.000     0.000           0          0          0          0          0          0
    3    0    0    1    1    1    0    15.000    12.000     0.000           0          0          0          0          0          0
    4    0    0    1    1    1    0    21.000    12.000     0.000           0          0          0          0          0          0
    5    1    1    1    1    1    0    21.000     0.000     0.000           0          0          0          0          0          0

Datos de los miembros.
Mbro  Ji  Jj   Long.      Area          K        Iyy        Izz   Cixy   Cjxy   Cxy   Cixz   Cjxz   Cxz   Cn=Ct T de M     b      h
   1   1   2  15.00  1.000E+00  1.408E-01  8.333E-02  8.333E-02   4.00   4.00   2.00  4.00   4.00   2.00   1.00    1    1.00   1.00
   2   2  -3   6.00  1.000E+00  1.408E-01  8.333E-02  8.333E-02   3.00   0.00   0.00  3.00   0.00   0.00   1.00    1    1.00   1.00
   3  -3   4   6.00  1.000E+00  1.408E-01  8.333E-02  8.333E-02   0.00   3.00   0.00  0.00   3.00   0.00   1.00    1    1.00   1.00
   4   4   5  12.00  1.000E+00  1.408E-01  8.333E-02  8.333E-02   4.00   4.00   2.00  4.00   4.00   2.00   1.00    1    1.00   1.00

Volumen = 39.000                        Peso =3002610.000                        Mean BandWidth: 8.300


                                                                         Pagina  2
*************************************************************************
* BLACK MOROCOIMA INGENIERIA Y PLANIFICACION       Programa ADE1        *
* ANALISIS ESTATICO DE ESTRUCTURAS ESPACIALES. Version 3.1 Junio 2009   *
* Programaci¢n: E.F.B.S.                                                *
*************************************************************************
++++++++ 2D Frame Isostatic Problem: Example 7.5 in DaDeppo book ++++++++   Date: 08-05-2009  Time: 10:45:17
First Load Case

NJC =    1  NMA =    0  NMC =    0  ATO =  0.000

CARGAS APLICADAS EN LAS JUNTAS
Junta         Fx         Fy         Fz         Mx         My         Mz
    3      0.000    -42.000      0.000      0.000      0.000      0.000


DESPLAZAMIENTO DE LAS JUNTAS.
Junta              Dx              Dy              Dz              Rx              Ry              Rz
    1    0.000000E+00    0.000000E+00    0.000000E+00    0.000000E+00    0.000000E+00    8.517857E-07
    2    1.185416E-04   -9.064993E-05    0.000000E+00    0.000000E+00    0.000000E+00   -3.154821E-05
    3    1.180916E-04   -3.317792E-04    0.000000E+00    0.000000E+00    0.000000E+00    0.000000E+00
    4    1.176416E-04   -1.800000E-06    0.000000E+00    0.000000E+00    0.000000E+00    3.339654E-05
    5    0.000000E+00    0.000000E+00    0.000000E+00    0.000000E+00    0.000000E+00   -3.140346E-05

FUERZAS EN LAS SECCIONES DE LOS MIEMBROS
Miembro Junta       x          N         Vy         Vz          T         My         Mz
      1     1   0.000    -18.600     -4.800      0.000     -0.000      0.000      0.000
                3.750    -18.600     -4.800      0.000      0.000      0.000    -18.000
                7.500    -18.600     -4.800      0.000      0.000      0.000    -36.000
               11.250    -18.600     -4.800      0.000      0.000      0.000    -54.000
            2  15.000    -18.600     -4.800     -0.000      0.000     -0.000    -72.000
      2     2   0.000    -15.000     12.000      0.000     -0.000      0.000    -72.000
                1.500    -15.000     12.000      0.000      0.000      0.000    -54.000
                3.000    -15.000     12.000      0.000      0.000      0.000    -36.000
                4.500    -15.000     12.000      0.000      0.000      0.000    -18.000
            3   6.000    -15.000     12.000     -0.000      0.000     -0.000      0.000
      3     3   0.000    -15.000    -30.000      0.000     -0.000      0.000     -0.000
                1.500    -15.000    -30.000      0.000      0.000      0.000    -45.000
                3.000    -15.000    -30.000      0.000      0.000      0.000    -90.000
                4.500    -15.000    -30.000      0.000      0.000      0.000   -135.000
            4   6.000    -15.000    -30.000     -0.000      0.000     -0.000   -180.000
      4     4   0.000    -30.000     15.000      0.000     -0.000      0.000   -180.000
                3.000    -30.000     15.000      0.000      0.000      0.000   -135.000
                6.000    -30.000     15.000      0.000      0.000      0.000    -90.000
                9.000    -30.000     15.000      0.000      0.000      0.000    -45.000
            5  12.000    -30.000     15.000     -0.000      0.000     -0.000     -0.000

CARGAS Y/O REACCIONES EN LAS JUNTAS
Junta          FX          FY          FZ          MX          MY          MZ
    1     15.0000     12.0000      0.0000      0.0000      0.0000     -0.0000
    2     -0.0000      0.0000      0.0000      0.0000      0.0000     -0.0000
    3      0.0000    -42.0000      0.0000      0.0000      0.0000      0.0000
    4     -0.0000      0.0000      0.0000      0.0000      0.0000     -0.0000
    5    -15.0000     30.0000      0.0000      0.0000      0.0000     -0.0000
Time running 0.00  sec. 
