
                                                                         Pagina  1
*************************************************************************
* BLACK MOROCOIMA INGENIERIA Y PLANIFICACION       Programa ADE1        *
* ANALISIS ESTATICO DE ESTRUCTURAS ESPACIALES. Version 3.1 Junio 2009   *
* Programaci¢n: E.F.B.S.                                                *
*************************************************************************
++++ Ejemplo SET2.EJA. Unidades: metro/tonelada fuerza/radian ++++   Date: 08-05-2009  Time: 10:45:17

N=  4         JO=  4          M=  3       NCAS=  1       NMAT=  1       NHIP=  0      NHIPR=  0

Propiedades de los tipos de materiales.
Tipo        E             G             Ct            Peso
1     2.5e+06      1.07e+06          1e-05             2.4

Datos de las Juntas.
Junta  Rdx  Rdy  Rdz  Rrx  Rry  Rrz         X         Y         Z         Kdx        Kdy        Kdz        Krx        Kry        Krz
    1    1    1    1    1    1    1     0.000     0.000     0.000           0          0          0          0          0          0
    2    0    0    0    0    0    0     0.000    10.000    10.000       10000      40000          0          0          0          0
    3    1    1    1    0    0    0     0.000    10.000     0.000           0          0          0      50000          0      60000
    4    1    1    1    1    1    1    10.000    10.000    10.000           0          0          0          0          0          0

Datos de los miembros.
Mbro  Ji  Jj   Long.      Area          K        Iyy        Izz   Cixy   Cjxy   Cxy   Cixz   Cjxz   Cxz   Cn=Ct T de M     b      h
   1   1   2  14.14  1.800E-01  3.708E-03  1.350E-03  5.400E-03   4.00   4.00   2.00  4.00   4.00   2.00   1.00    1    0.30   0.60
   2   2   3  10.00  1.800E-01  3.708E-03  1.350E-03  5.400E-03   4.00   4.00   2.00  4.00   4.00   2.00   1.00    1    0.30   0.60
   3   2   4  10.00  1.800E-01  3.708E-03  1.350E-03  5.400E-03   4.00   4.00   2.00  4.00   4.00   2.00   1.00    1    0.30   0.60

Volumen =  6.146                        Peso =14.749                        Mean BandWidth: 9.500


                                                                         Pagina  2
*************************************************************************
* BLACK MOROCOIMA INGENIERIA Y PLANIFICACION       Programa ADE1        *
* ANALISIS ESTATICO DE ESTRUCTURAS ESPACIALES. Version 3.1 Junio 2009   *
* Programaci¢n: E.F.B.S.                                                *
*************************************************************************
++++ Ejemplo SET2.EJA. Unidades: metro/tonelada fuerza/radian ++++   Date: 08-05-2009  Time: 10:45:17
+++++ Caso unico de Cargas +++++++

NJC =    2  NMA =    0  NMC =    0  ATO =  0.000

CARGAS APLICADAS EN LAS JUNTAS
Junta         Fx         Fy         Fz         Mx         My         Mz
    2    200.000    -80.000   -100.000      0.000      0.000    -40.000
    3      0.000      0.000      0.000      0.000    -20.000      0.000


DESPLAZAMIENTO DE LAS JUNTAS.
Junta              Dx              Dy              Dz              Rx              Ry              Rz
    1    0.000000E+00    0.000000E+00    0.000000E+00    0.000000E+00    0.000000E+00    0.000000E+00
    2    3.584300E-03   -9.555547E-04   -1.362480E-03    6.534938E-05   -2.457938E-03   -9.064115E-03
    3    0.000000E+00    0.000000E+00    0.000000E+00    1.078621E-05   -1.304820E-02   -5.954140E-05
    4    0.000000E+00    0.000000E+00    0.000000E+00    0.000000E+00    0.000000E+00    0.000000E+00

FUERZAS EN LAS SECCIONES DE LOS MIEMBROS
Miembro Junta       x          N         Vy         Vz          T         My         Mz
      1     1   0.000    -52.156     -0.043     -0.422     -2.286      1.867      0.241
                3.536    -52.156     -0.043     -0.422     -2.286      0.376      0.089
                7.071    -52.156     -0.043     -0.422     -2.286     -1.115     -0.062
               10.607    -52.156     -0.043     -0.422     -2.286     -2.606     -0.214
            2  14.142    -52.156     -0.043     -0.422     -2.286     -4.096     -0.366
      2     2   0.000    -61.312     -0.093      3.285     -3.572    -12.852      0.392
                2.500    -61.312     -0.093      3.285     -3.572     -4.639      0.159
                5.000    -61.312     -0.093      3.285     -3.572      3.574     -0.074
                7.500    -61.312     -0.093      3.285     -3.572     11.787     -0.306
            3  10.000    -61.312     -0.093      3.285     -3.572     20.000     -0.539
      3     2   0.000   -161.293     -4.935      1.479     -0.026     -9.892     32.475
                2.500   -161.293     -4.935      1.479     -0.026     -6.196     20.136
                5.000   -161.293     -4.935      1.479     -0.026     -2.499      7.798
                7.500   -161.293     -4.935      1.479     -0.026      1.197     -4.540
            4  10.000   -161.293     -4.935      1.479     -0.026      4.894    -16.878

CARGAS Y/O REACCIONES EN LAS JUNTAS
Junta          FX          FY          FZ          MX          MY          MZ
    1      0.4216     36.8493     36.9101      0.2413      2.9361      0.2963
    2    -35.8430     38.2222   -100.0000     -0.0000     -0.0000    -40.0000
    3     -3.2852      0.0931     61.3116     -0.5393    -20.0000      3.5725
    4   -161.2935      4.8353      1.7783     -0.0259      6.2119    -16.4386
Time running 0.00  sec. 
